2025-03-20 04:18:46,644 - INFO - Starting stock screening pipeline
2025-03-20 04:18:46,645 - INFO - Finding and deleting old CSV files...
2025-03-20 04:18:46,645 - INFO - Found 14 CSV files to delete
2025-03-20 04:18:46,645 - INFO - Deleting: earnings_acceleration.csv
2025-03-20 04:18:46,646 - INFO - Deleting: max_rsi_3m.csv
2025-03-20 04:18:46,646 - INFO - Deleting: max_rsi_vs_market_3mo.csv
2025-03-20 04:18:46,647 - INFO - Deleting: min_rsi_vs_market_3mo.csv
2025-03-20 04:18:46,647 - INFO - Deleting: mvp_stocks.csv
2025-03-20 04:18:46,648 - INFO - Deleting: top_price_increase_1y.csv
2025-03-20 04:18:46,648 - INFO - Deleting: top_price_tightness_1w.csv
2025-03-20 04:18:46,649 - INFO - Deleting: volume_acceleration_stocks.csv
2025-03-20 04:18:46,650 - INFO - Deleting: above_52week_low.csv
2025-03-20 04:18:46,650 - INFO - Deleting: close_to_52week_high.csv
2025-03-20 04:18:46,651 - INFO - Deleting: last_price_above_5.csv
2025-03-20 04:18:46,651 - INFO - Deleting: minimum_price_increase.csv
2025-03-20 04:18:46,651 - INFO - Deleting: obligatory_passed_stocks.csv
2025-03-20 04:18:46,652 - INFO - Deleting: trending_up_stocks.csv
2025-03-20 04:18:46,700 - INFO - [minimum_price_increase.py] Resolved input file path: C:\Users\Victus\PycharmProjects\Stocks_Screener_V2\flask_microservice_stocks_filterer\stocks_filtering_application\price_data\all_tickers_historical.csv
2025-03-20 04:18:46,701 - INFO - [minimum_price_increase.py] Resolved output file path: C:\Users\Victus\PycharmProjects\Stocks_Screener_V2\flask_microservice_stocks_filterer\stocks_filtering_application\minervini_1mo\obligatory_screens\results\minimum_price_increase.csv
2025-03-20 04:18:46,704 - INFO - [minimum_5_dollar.py] Resolved input file path: C:\Users\Victus\PycharmProjects\Stocks_Screener_V2\flask_microservice_stocks_filterer\stocks_filtering_application\price_data\all_tickers_historical.csv
2025-03-20 04:18:46,704 - INFO - [minimum_5_dollar.py] Resolved output file path: C:\Users\Victus\PycharmProjects\Stocks_Screener_V2\flask_microservice_stocks_filterer\stocks_filtering_application\minervini_1mo\obligatory_screens\results\last_price_above_5.csv
2025-03-20 04:18:46,704 - INFO - [above_52week_low.py] Resolved input file path: C:\Users\Victus\PycharmProjects\Stocks_Screener_V2\flask_microservice_stocks_filterer\stocks_filtering_application\price_data\all_tickers_historical.csv
2025-03-20 04:18:46,704 - INFO - [above_52week_low.py] Resolved output file path: C:\Users\Victus\PycharmProjects\Stocks_Screener_V2\flask_microservice_stocks_filterer\stocks_filtering_application\minervini_1mo\obligatory_screens\results\above_52week_low.csv
2025-03-20 04:18:47,036 - INFO - [trending_up.py] Resolved input file path: C:\Users\Victus\PycharmProjects\Stocks_Screener_V2\flask_microservice_stocks_filterer\stocks_filtering_application\price_data\all_tickers_historical.csv
2025-03-20 04:18:47,036 - INFO - [trending_up.py] Resolved output file path: C:\Users\Victus\PycharmProjects\Stocks_Screener_V2\flask_microservice_stocks_filterer\stocks_filtering_application\minervini_1mo\obligatory_screens\results\trending_up_stocks.csv
2025-03-20 04:19:38,069 - INFO - [minimum_5_dollar.py] Last price check complete. 3349 stocks meeting the criteria have been saved to C:\Users\Victus\PycharmProjects\Stocks_Screener_V2\flask_microservice_stocks_filterer\stocks_filtering_application\minervini_1mo\obligatory_screens\results\last_price_above_5.csv.
2025-03-20 04:19:38,069 - INFO - [minimum_5_dollar.py] Skipped 501 rows due to missing or invalid data.
2025-03-20 04:19:38,408 - INFO - [above_52week_low.py] Above 52 week low analysis complete. 2063 stocks meeting the criteria have been saved to C:\Users\Victus\PycharmProjects\Stocks_Screener_V2\flask_microservice_stocks_filterer\stocks_filtering_application\minervini_1mo\obligatory_screens\results\above_52week_low.csv.
2025-03-20 04:19:38,408 - INFO - [above_52week_low.py] Skipped 501 rows due to missing or invalid data.
2025-03-20 04:19:38,727 - INFO - [close_to_52week_high.py] Close to 52-week high analysis complete. 2295 stocks meeting the criteria have been saved to C:\Users\Victus\PycharmProjects\Stocks_Screener_V2\flask_microservice_stocks_filterer\stocks_filtering_application\minervini_1mo\obligatory_screens\results\close_to_52week_high.csv.
2025-03-20 04:19:38,727 - INFO - [close_to_52week_high.py] Skipped 501 rows due to missing or invalid data.
2025-03-20 04:19:39,407 - INFO - [minimum_price_increase.py] Analysis complete. 3570 stocks with minimum 50.0% increase have been saved to C:\Users\Victus\PycharmProjects\Stocks_Screener_V2\flask_microservice_stocks_filterer\stocks_filtering_application\minervini_1mo\obligatory_screens\results\minimum_price_increase.csv.
2025-03-20 04:19:39,407 - INFO - [minimum_price_increase.py] Skipped 13 rows due to missing, invalid, or outdated data.
2025-03-20 04:20:07,204 - INFO - [trending_up.py] Trending up analysis complete. Saved 573 symbols to C:\Users\Victus\PycharmProjects\Stocks_Screener_V2\flask_microservice_stocks_filterer\stocks_filtering_application\minervini_1mo\obligatory_screens\results\trending_up_stocks.csv
2025-03-20 04:20:07,322 - INFO - [obligatory_screen_passer.py] Processing 5 CSV files:
2025-03-20 04:20:07,322 - INFO - [obligatory_screen_passer.py] - above_52week_low.csv
2025-03-20 04:20:07,323 - INFO - [obligatory_screen_passer.py] - close_to_52week_high.csv
2025-03-20 04:20:07,323 - INFO - [obligatory_screen_passer.py] - last_price_above_5.csv
2025-03-20 04:20:07,323 - INFO - [obligatory_screen_passer.py] - minimum_price_increase.csv
2025-03-20 04:20:07,323 - INFO - [obligatory_screen_passer.py] - trending_up_stocks.csv
2025-03-20 04:20:07,323 - INFO - [obligatory_screen_passer.py] 
2025-03-20 04:20:07,323 - INFO - [obligatory_screen_passer.py] Found 283 stocks that passed all available screens
2025-03-20 04:20:07,323 - INFO - [obligatory_screen_passer.py] Results saved to obligatory_passed_stocks.csv
2025-03-20 04:20:07,356 - INFO - [banned_filter.py] Creating new empty stocks_not_banned.csv file...
2025-03-20 04:20:07,362 - INFO - [banned_filter.py] Checking 283 symbols for ban. 265 symbols are allowed.
2025-03-20 04:20:07,362 - INFO - [banned_filter.py] Removed 0 expired bans.
2025-03-20 04:20:07,410 - ERROR - [obligatory_screen_data_filter.py ERROR] Traceback (most recent call last):
2025-03-20 04:20:07,410 - ERROR - [obligatory_screen_data_filter.py ERROR] File "C:\Users\Victus\PycharmProjects\Stocks_Screener_V2\flask_microservice_stocks_filterer\stocks_filtering_application\minervini_1mo\ranking_screens\passed_stocks_input_data\obligatory_screen_data_filter.py", line 51, in <module>
2025-03-20 04:20:07,410 - ERROR - [obligatory_screen_data_filter.py ERROR] filter_stock_data(stocks_to_screen_file, all_stocks_data_file2, output_file2)
2025-03-20 04:20:07,410 - ERROR - [obligatory_screen_data_filter.py ERROR] ~~~~~~~~~~~~~~~~~^^^^^^^^^^^^^^^^^^^^^^^^^^^^^^^^^^^^^^^^^^^^^^^^^^^^^^^^^^^^
2025-03-20 04:20:07,410 - ERROR - [obligatory_screen_data_filter.py ERROR] File "C:\Users\Victus\PycharmProjects\Stocks_Screener_V2\flask_microservice_stocks_filterer\stocks_filtering_application\minervini_1mo\ranking_screens\passed_stocks_input_data\obligatory_screen_data_filter.py", line 11, in filter_stock_data
2025-03-20 04:20:07,410 - ERROR - [obligatory_screen_data_filter.py ERROR] with open(all_stocks_data_file, 'r') as input_file, open(output_file, 'w', newline='') as output_file:
2025-03-20 04:20:07,410 - ERROR - [obligatory_screen_data_filter.py ERROR] ~~~~^^^^^^^^^^^^^^^^^^^^^^^^^^^
2025-03-20 04:20:07,410 - ERROR - [obligatory_screen_data_filter.py ERROR] FileNotFoundError: [Errno 2] No such file or directory: 'C:\\Users\\Victus\\PycharmProjects\\Stocks_Screener_V2\\flask_microservice_stocks_filterer\\stocks_filtering_application\\fundamental_data\\all_tickers_fundamentals.csv'
2025-03-20 04:20:08,000 - INFO - [price_spikes.py] Analysis complete. Results saved to C:\Users\Victus\PycharmProjects\Stocks_Screener_V2\flask_microservice_stocks_filterer\stocks_filtering_application\minervini_1mo\ranking_screens\results\earnings_acceleration.csv
2025-03-20 04:20:08,460 - INFO - [good_rsi_against_market.py] Reading CSV from: C:\Users\Victus\PycharmProjects\Stocks_Screener_V2\flask_microservice_stocks_filterer\stocks_filtering_application\minervini_1mo\ranking_screens\passed_stocks_input_data\filtered_price_data.csv
2025-03-20 04:20:08,587 - INFO - [good_rsi_against_market.py] 
2025-03-20 04:20:08,587 - INFO - [good_rsi_against_market.py] DEBUG: Checking initial columns in df: ['Date', 'Open', 'High', 'Low', 'Close', 'Volume', 'Dividends', 'Stock Splits', 'Symbol', 'Capital Gains']
2025-03-20 04:20:08,587 - INFO - [good_rsi_against_market.py] DEBUG: Head of df:
2025-03-20 04:20:08,600 - INFO - [good_rsi_against_market.py] Date  Open  High  ...  Stock Splits  Symbol  Capital Gains
2025-03-20 04:20:08,600 - INFO - [good_rsi_against_market.py] 0  2023-03-20 00:00:00-04:00  2.30  2.42  ...           0.0    ACIC            NaN
2025-03-20 04:20:08,601 - INFO - [good_rsi_against_market.py] 1  2023-03-21 00:00:00-04:00  2.36  2.55  ...           0.0    ACIC            NaN
2025-03-20 04:20:08,601 - INFO - [good_rsi_against_market.py] 2  2023-03-22 00:00:00-04:00  2.45  2.45  ...           0.0    ACIC            NaN
2025-03-20 04:20:08,601 - INFO - [good_rsi_against_market.py] 3  2023-03-23 00:00:00-04:00  2.24  2.55  ...           0.0    ACIC            NaN
2025-03-20 04:20:08,601 - INFO - [good_rsi_against_market.py] 4  2023-03-24 00:00:00-04:00  2.53  2.56  ...           0.0    ACIC            NaN
2025-03-20 04:20:08,601 - INFO - [good_rsi_against_market.py] 
2025-03-20 04:20:08,601 - INFO - [good_rsi_against_market.py] [5 rows x 10 columns]
2025-03-20 04:20:08,601 - INFO - [good_rsi_against_market.py] 
2025-03-20 04:20:08,953 - INFO - [volume_acceleration.py] Volume Acceleration Analysis complete. 72 Results saved to C:\Users\Victus\PycharmProjects\Stocks_Screener_V2\flask_microservice_stocks_filterer\stocks_filtering_application\minervini_1mo\ranking_screens\results\volume_acceleration_stocks.csv
2025-03-20 04:20:09,684 - INFO - [good_rsi_against_market.py] DEBUG: Dropped 0 rows due to invalid 'Date'.
2025-03-20 04:20:09,684 - INFO - [good_rsi_against_market.py] DEBUG: df shape after date parsing: (111436, 10)
2025-03-20 04:20:09,688 - INFO - [good_rsi_against_market.py] DEBUG: After filtering to last 3 months (>= 2024-12-18), df shape: (13560, 10)
2025-03-20 04:20:09,955 - INFO - [good_rsi_against_market.py] DEBUG: Checking if StockRSI is filled or mostly NaN:
2025-03-20 04:20:09,957 - INFO - [good_rsi_against_market.py] count    10385.000000
2025-03-20 04:20:09,957 - INFO - [good_rsi_against_market.py] mean        57.976911
2025-03-20 04:20:09,957 - INFO - [good_rsi_against_market.py] std         15.900945
2025-03-20 04:20:09,957 - INFO - [good_rsi_against_market.py] min          5.271565
2025-03-20 04:20:09,957 - INFO - [good_rsi_against_market.py] 25%         46.821153
2025-03-20 04:20:09,957 - INFO - [good_rsi_against_market.py] 50%         58.333333
2025-03-20 04:20:09,957 - INFO - [good_rsi_against_market.py] 75%         69.772366
2025-03-20 04:20:09,958 - INFO - [good_rsi_against_market.py] max         99.380805
2025-03-20 04:20:09,958 - INFO - [good_rsi_against_market.py] Name: StockRSI, dtype: float64
2025-03-20 04:20:09,958 - INFO - [good_rsi_against_market.py] 
2025-03-20 04:20:09,958 - INFO - [good_rsi_against_market.py] Fetching market data for ^GSPC from 2024-12-18 to 2025-03-18
2025-03-20 04:20:10,061 - INFO - [top_price_increases_1y.py] Top stocks by price increase (last 1 year) have been saved to C:\Users\Victus\PycharmProjects\Stocks_Screener_V2\flask_microservice_stocks_filterer\stocks_filtering_application\minervini_1mo\ranking_screens\results\top_price_increase_1y.csv
2025-03-20 04:20:10,110 - INFO - [mvp.py] Stocks meeting MVP criteria have been saved to C:\Users\Victus\PycharmProjects\Stocks_Screener_V2\flask_microservice_stocks_filterer\stocks_filtering_application\minervini_1mo\ranking_screens\results\mvp_stocks.csv
2025-03-20 04:20:10,135 - INFO - [top_price_tightness_1w.py] Top stocks by price tightness (last 1 week) have been saved to C:\Users\Victus\PycharmProjects\Stocks_Screener_V2\flask_microservice_stocks_filterer\stocks_filtering_application\minervini_1mo\ranking_screens\results\top_price_tightness_1w.csv
2025-03-20 04:20:10,141 - ERROR - [top_price_increases_1y.py ERROR] C:\Users\Victus\PycharmProjects\Stocks_Screener_V2\flask_microservice_stocks_filterer\stocks_filtering_application\minervini_1mo\ranking_screens\top_price_increases_1y.py:32: DeprecationWarning: DataFrameGroupBy.apply operated on the grouping columns. This behavior is deprecated, and in a future version of pandas the grouping columns will be excluded from the operation. Either pass `include_groups=False` to exclude the groupings or explicitly select the grouping columns after groupby to silence this warning.
2025-03-20 04:20:10,141 - ERROR - [top_price_increases_1y.py ERROR] price_increases = df_filtered.groupby('Symbol').apply(calculate_price_increase)
2025-03-20 04:20:10,205 - INFO - [good_rsi_against_market.py] DEBUG: market_data head:
2025-03-20 04:20:10,214 - ERROR - [mvp.py ERROR] C:\Users\Victus\PycharmProjects\Stocks_Screener_V2\flask_microservice_stocks_filterer\stocks_filtering_application\minervini_1mo\ranking_screens\mvp.py:58: DeprecationWarning: DataFrameGroupBy.apply operated on the grouping columns. This behavior is deprecated, and in a future version of pandas the grouping columns will be excluded from the operation. Either pass `include_groups=False` to exclude the groupings or explicitly select the grouping columns after groupby to silence this warning.
2025-03-20 04:20:10,214 - ERROR - [mvp.py ERROR] mvp_scores = df.groupby('Symbol').apply(calculate_mvp_score)
2025-03-20 04:20:10,216 - INFO - [good_rsi_against_market.py] MarketDate         Open  ...  Stock Splits  MarketRSI
2025-03-20 04:20:10,216 - INFO - [good_rsi_against_market.py] 0 2024-12-18 05:00:00  6047.649902  ...           0.0        NaN
2025-03-20 04:20:10,216 - INFO - [good_rsi_against_market.py] 1 2024-12-19 05:00:00  5912.709961  ...           0.0        NaN
2025-03-20 04:20:10,216 - INFO - [good_rsi_against_market.py] 2 2024-12-20 05:00:00  5842.000000  ...           0.0        NaN
2025-03-20 04:20:10,216 - INFO - [good_rsi_against_market.py] 3 2024-12-23 05:00:00  5940.250000  ...           0.0        NaN
2025-03-20 04:20:10,216 - INFO - [good_rsi_against_market.py] 4 2024-12-24 05:00:00  5984.629883  ...           0.0        NaN
2025-03-20 04:20:10,216 - INFO - [good_rsi_against_market.py] 
2025-03-20 04:20:10,216 - INFO - [good_rsi_against_market.py] [5 rows x 9 columns]
2025-03-20 04:20:10,216 - INFO - [good_rsi_against_market.py] 
2025-03-20 04:20:10,217 - INFO - [good_rsi_against_market.py] DEBUG: market_data MarketRSI describe:
2025-03-20 04:20:10,218 - INFO - [good_rsi_against_market.py] count    45.000000
2025-03-20 04:20:10,218 - INFO - [good_rsi_against_market.py] mean     47.166177
2025-03-20 04:20:10,218 - INFO - [good_rsi_against_market.py] std      14.433104
2025-03-20 04:20:10,218 - INFO - [good_rsi_against_market.py] min      19.950017
2025-03-20 04:20:10,218 - INFO - [good_rsi_against_market.py] 25%      36.289526
2025-03-20 04:20:10,218 - INFO - [good_rsi_against_market.py] 50%      48.094486
2025-03-20 04:20:10,218 - INFO - [good_rsi_against_market.py] 75%      59.969580
2025-03-20 04:20:10,218 - INFO - [good_rsi_against_market.py] max      69.642063
2025-03-20 04:20:10,218 - INFO - [good_rsi_against_market.py] Name: MarketRSI, dtype: float64
2025-03-20 04:20:10,218 - INFO - [good_rsi_against_market.py] 
2025-03-20 04:20:10,225 - INFO - [good_rsi_against_market.py] DEBUG: merged shape: (13560, 13)
2025-03-20 04:20:10,225 - INFO - [good_rsi_against_market.py] DEBUG: merged columns: ['Date', 'Open', 'High', 'Low', 'Close', 'Volume', 'Dividends', 'Stock Splits', 'Symbol', 'Capital Gains', 'StockRSI', 'Close_Market', 'MarketRSI']
2025-03-20 04:20:10,225 - INFO - [good_rsi_against_market.py] DEBUG: Head of merged:
2025-03-20 04:20:10,239 - INFO - [good_rsi_against_market.py] Date   Open   High  ...  StockRSI  Close_Market  MarketRSI
2025-03-20 04:20:10,240 - INFO - [good_rsi_against_market.py] 0 2024-12-18 04:00:00  14.21  14.21  ...       NaN           NaN        NaN
2025-03-20 04:20:10,240 - INFO - [good_rsi_against_market.py] 1 2024-12-19 04:00:00  13.48  13.93  ...       NaN           NaN        NaN
2025-03-20 04:20:10,240 - INFO - [good_rsi_against_market.py] 2 2024-12-20 04:00:00  12.85  13.30  ...       NaN           NaN        NaN
2025-03-20 04:20:10,240 - INFO - [good_rsi_against_market.py] 3 2024-12-23 04:00:00  13.13  13.14  ...       NaN           NaN        NaN
2025-03-20 04:20:10,240 - INFO - [good_rsi_against_market.py] 4 2024-12-24 04:00:00  13.11  13.21  ...       NaN           NaN        NaN
2025-03-20 04:20:10,240 - INFO - [good_rsi_against_market.py] 
2025-03-20 04:20:10,240 - INFO - [good_rsi_against_market.py] [5 rows x 13 columns]
2025-03-20 04:20:10,240 - INFO - [good_rsi_against_market.py] 
2025-03-20 04:20:10,255 - ERROR - [top_price_tightness_1w.py ERROR] C:\Users\Victus\PycharmProjects\Stocks_Screener_V2\flask_microservice_stocks_filterer\stocks_filtering_application\minervini_1mo\ranking_screens\top_price_tightness_1w.py:31: DeprecationWarning: DataFrameGroupBy.apply operated on the grouping columns. This behavior is deprecated, and in a future version of pandas the grouping columns will be excluded from the operation. Either pass `include_groups=False` to exclude the groupings or explicitly select the grouping columns after groupby to silence this warning.
2025-03-20 04:20:10,255 - ERROR - [top_price_tightness_1w.py ERROR] price_tightness = df_filtered.groupby('Symbol').apply(calculate_price_tightness)
2025-03-20 04:20:10,287 - INFO - [good_rsi_against_market.py] Saved MAX RSI difference to: C:\Users\Victus\PycharmProjects\Stocks_Screener_V2\flask_microservice_stocks_filterer\stocks_filtering_application\minervini_1mo\ranking_screens\results\max_rsi_vs_market_3mo.csv
2025-03-20 04:20:10,290 - INFO - [good_rsi_against_market.py] Saved MIN RSI difference to: C:\Users\Victus\PycharmProjects\Stocks_Screener_V2\flask_microservice_stocks_filterer\stocks_filtering_application\minervini_1mo\ranking_screens\results\min_rsi_vs_market_3mo.csv
2025-03-20 04:20:10,290 - INFO - [good_rsi_against_market.py] 
2025-03-20 04:20:10,290 - INFO - [good_rsi_against_market.py] Done!
2025-03-20 04:20:10,654 - INFO - [top_rsi.py] Top stocks by maximum RSI (last 3 months) have been saved to C:\Users\Victus\PycharmProjects\Stocks_Screener_V2\flask_microservice_stocks_filterer\stocks_filtering_application\minervini_1mo\ranking_screens\results\max_rsi_3m.csv
2025-03-20 04:20:10,654 - INFO - [top_rsi.py] Total stocks analyzed: 226
2025-03-20 04:20:10,654 - INFO - [top_rsi.py] Stocks excluded due to insufficient trading data: 0
2025-03-20 04:20:10,741 - INFO - [top_n_stocks_by_price_increase.py] 'C:\Users\Victus\PycharmProjects\Stocks_Screener_V2\flask_microservice_stocks_filterer\stocks_filtering_application\minervini_1mo\stocks_ranking_by_price.csv' has been created with filtered symbols.
2025-03-20 04:20:10,746 - INFO - Stock screening pipeline completed successfully.
