2025-03-29 03:38:25,480 - INFO - Starting stock screening pipeline
2025-03-29 03:38:25,481 - INFO - Finding and deleting old CSV files...
2025-03-29 03:38:25,481 - INFO - Found 15 CSV files to delete
2025-03-29 03:38:25,481 - INFO - Deleting: Days_Traded.csv
2025-03-29 03:38:25,482 - INFO - Deleting: max_rsi_12m.csv
2025-03-29 03:38:25,483 - INFO - Deleting: max_rsi_3m.csv
2025-03-29 03:38:25,484 - INFO - Deleting: max_rsi_6m.csv
2025-03-29 03:38:25,484 - INFO - Deleting: max_rsi_vs_market_3mo.csv
2025-03-29 03:38:25,485 - INFO - Deleting: min_rsi_vs_market_3mo.csv
2025-03-29 03:38:25,486 - INFO - Deleting: mvp_stocks.csv
2025-03-29 03:38:25,486 - INFO - Deleting: price_spikes.csv
2025-03-29 03:38:25,487 - INFO - Deleting: top_price_increase_1y.csv
2025-03-29 03:38:25,487 - INFO - Deleting: top_price_tightness_1w.csv
2025-03-29 03:38:25,488 - INFO - Deleting: volume_acceleration_stocks.csv
2025-03-29 03:38:25,488 - INFO - Deleting: close_to_52week_high.csv
2025-03-29 03:38:25,489 - INFO - Deleting: last_price_above_10.csv
2025-03-29 03:38:25,489 - INFO - Deleting: obligatory_passed_stocks.csv
2025-03-29 03:38:25,490 - INFO - Deleting: trading_for_at_most_3mo.csv
2025-03-29 03:38:25,534 - INFO - [trading_for_at_most_3mo.py] Resolved input file path: C:\Users\Victus\PycharmProjects\Stocks_Screener_V2\flask_microservice_stocks_filterer\stocks_filtering_application\price_data\all_tickers_historical.csv
2025-03-29 03:38:25,534 - INFO - [close_to_52week_high.py] Resolved input file path: C:\Users\Victus\PycharmProjects\Stocks_Screener_V2\flask_microservice_stocks_filterer\stocks_filtering_application\price_data\all_tickers_historical.csv
2025-03-29 03:38:25,534 - INFO - [trading_for_at_most_3mo.py] Resolved output file path: C:\Users\Victus\PycharmProjects\Stocks_Screener_V2\flask_microservice_stocks_filterer\stocks_filtering_application\ipos\obligatory_screens\results\trading_for_at_most_3mo.csv
2025-03-29 03:38:25,534 - INFO - [minimum_5_dollar.py] Resolved input file path: C:\Users\Victus\PycharmProjects\Stocks_Screener_V2\flask_microservice_stocks_filterer\stocks_filtering_application\price_data\all_tickers_historical.csv
2025-03-29 03:38:25,534 - INFO - [close_to_52week_high.py] Resolved output file path: C:\Users\Victus\PycharmProjects\Stocks_Screener_V2\flask_microservice_stocks_filterer\stocks_filtering_application\ipos\obligatory_screens\results\close_to_52week_high.csv
2025-03-29 03:38:25,534 - INFO - [minimum_5_dollar.py] Resolved output file path: C:\Users\Victus\PycharmProjects\Stocks_Screener_V2\flask_microservice_stocks_filterer\stocks_filtering_application\ipos\obligatory_screens\results\last_price_above_10.csv
2025-03-29 03:39:12,895 - INFO - [minimum_5_dollar.py] Last price check complete. 2666 stocks meeting the criteria have been saved to C:\Users\Victus\PycharmProjects\Stocks_Screener_V2\flask_microservice_stocks_filterer\stocks_filtering_application\ipos\obligatory_screens\results\last_price_above_10.csv.
2025-03-29 03:39:12,895 - INFO - [minimum_5_dollar.py] Skipped 501 rows due to missing or invalid data.
2025-03-29 03:39:13,575 - INFO - [trading_for_at_most_3mo.py] Stocks trading for at most 10 months analysis complete. 180 stocks meeting the criteria have been saved to C:\Users\Victus\PycharmProjects\Stocks_Screener_V2\flask_microservice_stocks_filterer\stocks_filtering_application\ipos\obligatory_screens\results\trading_for_at_most_3mo.csv.
2025-03-29 03:39:13,576 - INFO - [trading_for_at_most_3mo.py] Skipped 501 rows due to missing or invalid data.
2025-03-29 03:39:14,362 - INFO - [close_to_52week_high.py] Close to 52-week high analysis complete. 2119 stocks meeting the criteria have been saved to C:\Users\Victus\PycharmProjects\Stocks_Screener_V2\flask_microservice_stocks_filterer\stocks_filtering_application\ipos\obligatory_screens\results\close_to_52week_high.csv.
2025-03-29 03:39:14,362 - INFO - [close_to_52week_high.py] Skipped 501 rows due to missing or invalid data.
2025-03-29 03:39:14,510 - INFO - [obligatory_screen_passer.py] Processing 3 CSV files:
2025-03-29 03:39:14,510 - INFO - [obligatory_screen_passer.py] - close_to_52week_high.csv
2025-03-29 03:39:14,510 - INFO - [obligatory_screen_passer.py] - last_price_above_10.csv
2025-03-29 03:39:14,510 - INFO - [obligatory_screen_passer.py] - trading_for_at_most_3mo.csv
2025-03-29 03:39:14,511 - INFO - [obligatory_screen_passer.py] Processing 3 CSV files:
2025-03-29 03:39:14,511 - INFO - [obligatory_screen_passer.py] - close_to_52week_high.csv
2025-03-29 03:39:14,511 - INFO - [obligatory_screen_passer.py] - last_price_above_10.csv
2025-03-29 03:39:14,511 - INFO - [obligatory_screen_passer.py] - trading_for_at_most_3mo.csv
2025-03-29 03:39:14,512 - INFO - [obligatory_screen_passer.py] 
2025-03-29 03:39:14,512 - INFO - [obligatory_screen_passer.py] Found 43 stocks that passed all available screens
2025-03-29 03:39:14,512 - INFO - [obligatory_screen_passer.py] Results saved to obligatory_passed_stocks.csv
2025-03-29 03:39:14,546 - INFO - [banned_filter.py] Creating new empty stocks_not_banned.csv file...
2025-03-29 03:39:14,551 - INFO - [banned_filter.py] Checking 43 symbols for ban. 23 symbols are allowed.
2025-03-29 03:39:14,552 - INFO - [banned_filter.py] Removed 0 expired bans.
2025-03-29 03:39:16,448 - INFO - [obligatory_screen_data_filter.py] Filtered data has been written to <_io.TextIOWrapper name='C:\\Users\\Victus\\PycharmProjects\\Stocks_Screener_V2\\flask_microservice_stocks_filterer\\stocks_filtering_application\\ipos\\ranking_screens\\passed_stocks_input_data\\filtered_price_data.csv' mode='w' encoding='cp1252'>
2025-03-29 03:39:16,546 - INFO - [volume_acceleration.py] Volume Acceleration Analysis complete. 1 Results saved to C:\Users\Victus\PycharmProjects\Stocks_Screener_V2\flask_microservice_stocks_filterer\stocks_filtering_application\ipos\ranking_screens\results\volume_acceleration_stocks.csv
2025-03-29 03:39:17,050 - INFO - [days_traded.py] Stocks ranked by number of trading days have been saved to C:\Users\Victus\PycharmProjects\Stocks_Screener_V2\flask_microservice_stocks_filterer\stocks_filtering_application\ipos\ranking_screens\results\Days_Traded.csv
2025-03-29 03:39:17,051 - INFO - [top_price_increases_1y.py] Top 100 stocks by price increase have been saved to C:\Users\Victus\PycharmProjects\Stocks_Screener_V2\flask_microservice_stocks_filterer\stocks_filtering_application\ipos\ranking_screens\results\top_price_increase_1y.csv
2025-03-29 03:39:17,051 - INFO - [top_price_tightness_1w.py] Top stocks by price tightness (last 1 week) have been saved to C:\Users\Victus\PycharmProjects\Stocks_Screener_V2\flask_microservice_stocks_filterer\stocks_filtering_application\ipos\ranking_screens\results\top_price_tightness_1w.csv
2025-03-29 03:39:17,073 - INFO - [mvp.py] Stocks meeting MVP criteria have been saved to C:\Users\Victus\PycharmProjects\Stocks_Screener_V2\flask_microservice_stocks_filterer\stocks_filtering_application\ipos\ranking_screens\results\mvp_stocks.csv
2025-03-29 03:39:17,083 - INFO - [top_rsi_6m.py] Skipping NTHI: Insufficient trading data (only 3 days)
2025-03-29 03:39:17,107 - INFO - [top_rsi_6m.py] Top stocks by maximum RSI (last 6 months) have been saved to C:\Users\Victus\PycharmProjects\Stocks_Screener_V2\flask_microservice_stocks_filterer\stocks_filtering_application\ipos\ranking_screens\results\max_rsi_6m.csv
2025-03-29 03:39:17,107 - INFO - [top_rsi_6m.py] Total stocks analyzed: 22
2025-03-29 03:39:17,107 - INFO - [top_rsi_6m.py] Stocks excluded due to insufficient trading data: 1
2025-03-29 03:39:17,113 - INFO - [top_rsi.py] Skipping NTHI: Insufficient trading data (only 3 days)
2025-03-29 03:39:17,130 - INFO - [price_spikes.py] Analysis complete. Results saved to C:\Users\Victus\PycharmProjects\Stocks_Screener_V2\flask_microservice_stocks_filterer\stocks_filtering_application\ipos\ranking_screens\results\price_spikes.csv
2025-03-29 03:39:17,132 - INFO - [top_rsi.py] Top stocks by maximum RSI (last 3 months) have been saved to C:\Users\Victus\PycharmProjects\Stocks_Screener_V2\flask_microservice_stocks_filterer\stocks_filtering_application\ipos\ranking_screens\results\max_rsi_3m.csv
2025-03-29 03:39:17,133 - INFO - [top_rsi.py] Total stocks analyzed: 22
2025-03-29 03:39:17,133 - INFO - [top_rsi.py] Stocks excluded due to insufficient trading data: 1
2025-03-29 03:39:17,136 - INFO - [top_rsi_12m.py] Skipping NTHI: Insufficient trading data (only 3 days)
2025-03-29 03:39:17,159 - INFO - [top_rsi_12m.py] Top stocks by maximum RSI (last 12 months) have been saved to C:\Users\Victus\PycharmProjects\Stocks_Screener_V2\flask_microservice_stocks_filterer\stocks_filtering_application\ipos\ranking_screens\results\max_rsi_12m.csv
2025-03-29 03:39:17,159 - INFO - [top_rsi_12m.py] Total stocks analyzed: 22
2025-03-29 03:39:17,160 - INFO - [top_rsi_12m.py] Stocks excluded due to insufficient trading data: 1
2025-03-29 03:39:17,176 - ERROR - [days_traded.py ERROR] C:\Users\Victus\PycharmProjects\Stocks_Screener_V2\flask_microservice_stocks_filterer\stocks_filtering_application\ipos\ranking_screens\days_traded.py:26: DeprecationWarning: DataFrameGroupBy.apply operated on the grouping columns. This behavior is deprecated, and in a future version of pandas the grouping columns will be excluded from the operation. Either pass `include_groups=False` to exclude the groupings or explicitly select the grouping columns after groupby to silence this warning.
2025-03-29 03:39:17,177 - ERROR - [days_traded.py ERROR] trading_days = df.groupby('Symbol').apply(count_trading_days)
2025-03-29 03:39:17,190 - ERROR - [top_price_increases_1y.py ERROR] C:\Users\Victus\PycharmProjects\Stocks_Screener_V2\flask_microservice_stocks_filterer\stocks_filtering_application\ipos\ranking_screens\top_price_increases_1y.py:27: DeprecationWarning: DataFrameGroupBy.apply operated on the grouping columns. This behavior is deprecated, and in a future version of pandas the grouping columns will be excluded from the operation. Either pass `include_groups=False` to exclude the groupings or explicitly select the grouping columns after groupby to silence this warning.
2025-03-29 03:39:17,190 - ERROR - [top_price_increases_1y.py ERROR] price_increases = df.groupby('Symbol').apply(calculate_price_increase)
2025-03-29 03:39:17,206 - ERROR - [top_price_tightness_1w.py ERROR] C:\Users\Victus\PycharmProjects\Stocks_Screener_V2\flask_microservice_stocks_filterer\stocks_filtering_application\ipos\ranking_screens\top_price_tightness_1w.py:31: DeprecationWarning: DataFrameGroupBy.apply operated on the grouping columns. This behavior is deprecated, and in a future version of pandas the grouping columns will be excluded from the operation. Either pass `include_groups=False` to exclude the groupings or explicitly select the grouping columns after groupby to silence this warning.
2025-03-29 03:39:17,206 - ERROR - [mvp.py ERROR] C:\Users\Victus\PycharmProjects\Stocks_Screener_V2\flask_microservice_stocks_filterer\stocks_filtering_application\ipos\ranking_screens\mvp.py:58: DeprecationWarning: DataFrameGroupBy.apply operated on the grouping columns. This behavior is deprecated, and in a future version of pandas the grouping columns will be excluded from the operation. Either pass `include_groups=False` to exclude the groupings or explicitly select the grouping columns after groupby to silence this warning.
2025-03-29 03:39:17,206 - ERROR - [top_price_tightness_1w.py ERROR] price_tightness = df_filtered.groupby('Symbol').apply(calculate_price_tightness)
2025-03-29 03:39:17,207 - ERROR - [mvp.py ERROR] mvp_scores = df.groupby('Symbol').apply(calculate_mvp_score)
2025-03-29 03:39:18,343 - INFO - [top_n_stocks_by_price_increase.py] 'C:\Users\Victus\PycharmProjects\Stocks_Screener_V2\flask_microservice_stocks_filterer\stocks_filtering_application\ipos\stocks_ranking_by_price.csv' has been created.
2025-03-29 03:39:18,348 - INFO - Stock screening pipeline completed successfully.
