2025-04-09 01:09:01,665 - INFO - Starting pipeline run. Logs will be saved to: C:\Users\Victus\PycharmProjects\Stocks_Screener_V2\flask_microservice_stocks_filterer\stocks_filtering_application\logs\last_run.log
2025-04-09 01:09:01,670 - INFO - Pipeline arguments: Namespace(price_increase=50.0, top_n=500, fetch_data=False, sleep_after=False, skip_sentiment=True)
2025-04-09 01:09:01,683 - INFO - Skipping data fetch, using existing data...
2025-04-09 01:09:01,684 - INFO - Running all pipelines in parallel...
2025-04-09 01:09:31,891 - INFO - [stock_screening_pipeline.py]: Successfully deleted C:\Users\Victus\PycharmProjects\Stocks_Screener_V2\flask_microservice_stocks_filterer\stocks_filtering_application\ipos\logs\last_run.log
2025-04-09 01:09:31,894 - INFO - [stock_screening_pipeline.py]: 2025-04-09 01:09:31,894 - INFO - Starting stock screening pipeline
2025-04-09 01:09:31,894 - INFO - [stock_screening_pipeline.py]: 2025-04-09 01:09:31,894 - INFO - Finding and deleting old CSV files...
2025-04-09 01:09:31,895 - INFO - [stock_screening_pipeline.py]: 2025-04-09 01:09:31,895 - INFO - Found 14 CSV files to delete
2025-04-09 01:09:31,895 - INFO - [stock_screening_pipeline.py]: 2025-04-09 01:09:31,895 - INFO - Deleting: Days_Traded.csv
2025-04-09 01:09:31,896 - INFO - [stock_screening_pipeline.py]: 2025-04-09 01:09:31,896 - INFO - Deleting: max_rsi_12m.csv
2025-04-09 01:09:31,896 - INFO - [stock_screening_pipeline.py]: 2025-04-09 01:09:31,896 - INFO - Deleting: max_rsi_3m.csv
2025-04-09 01:09:31,896 - INFO - [stock_screening_pipeline.py]: 2025-04-09 01:09:31,896 - INFO - Deleting: max_rsi_6m.csv
2025-04-09 01:09:31,897 - INFO - [stock_screening_pipeline.py]: 2025-04-09 01:09:31,897 - INFO - Deleting: max_rsi_vs_market_3mo.csv
2025-04-09 01:09:31,897 - INFO - [stock_screening_pipeline.py]: 2025-04-09 01:09:31,897 - INFO - Deleting: min_rsi_vs_market_3mo.csv
2025-04-09 01:09:31,898 - INFO - [stock_screening_pipeline.py]: 2025-04-09 01:09:31,897 - INFO - Deleting: price_spikes.csv
2025-04-09 01:09:31,898 - INFO - [stock_screening_pipeline.py]: 2025-04-09 01:09:31,898 - INFO - Deleting: top_price_increase_1y.csv
2025-04-09 01:09:31,898 - INFO - [stock_screening_pipeline.py]: 2025-04-09 01:09:31,898 - INFO - Deleting: top_price_tightness_1w.csv
2025-04-09 01:09:31,899 - INFO - [stock_screening_pipeline.py]: 2025-04-09 01:09:31,899 - INFO - Deleting: volume_acceleration_stocks.csv
2025-04-09 01:09:31,899 - INFO - [stock_screening_pipeline.py]: 2025-04-09 01:09:31,899 - INFO - Deleting: close_to_52week_high.csv
2025-04-09 01:09:31,900 - INFO - [stock_screening_pipeline.py]: 2025-04-09 01:09:31,899 - INFO - Deleting: last_price_above_10.csv
2025-04-09 01:09:31,901 - INFO - [stock_screening_pipeline.py]: 2025-04-09 01:09:31,901 - INFO - Deleting: obligatory_passed_stocks.csv
2025-04-09 01:09:31,902 - INFO - [stock_screening_pipeline.py]: 2025-04-09 01:09:31,901 - INFO - Deleting: trading_for_at_most_3mo.csv
2025-04-09 01:09:31,945 - INFO - [stock_screening_pipeline.py]: 2025-04-09 01:09:31,945 - INFO - [trading_for_at_most_3mo.py] Resolved input file path: C:\Users\Victus\PycharmProjects\Stocks_Screener_V2\flask_microservice_stocks_filterer\stocks_filtering_application\price_data\all_tickers_historical.csv
2025-04-09 01:09:31,945 - INFO - [stock_screening_pipeline.py]: 2025-04-09 01:09:31,945 - INFO - [trading_for_at_most_3mo.py] Resolved output file path: C:\Users\Victus\PycharmProjects\Stocks_Screener_V2\flask_microservice_stocks_filterer\stocks_filtering_application\ipos\obligatory_screens\results\trading_for_at_most_3mo.csv
2025-04-09 01:09:31,946 - INFO - [stock_screening_pipeline.py]: 2025-04-09 01:09:31,946 - INFO - [close_to_52week_high.py] Resolved input file path: C:\Users\Victus\PycharmProjects\Stocks_Screener_V2\flask_microservice_stocks_filterer\stocks_filtering_application\price_data\all_tickers_historical.csv
2025-04-09 01:09:31,946 - INFO - [stock_screening_pipeline.py]: 2025-04-09 01:09:31,946 - INFO - [close_to_52week_high.py] Resolved output file path: C:\Users\Victus\PycharmProjects\Stocks_Screener_V2\flask_microservice_stocks_filterer\stocks_filtering_application\ipos\obligatory_screens\results\close_to_52week_high.csv
2025-04-09 01:09:31,946 - INFO - [stock_screening_pipeline.py]: 2025-04-09 01:09:31,946 - INFO - [minimum_5_dollar.py] Resolved input file path: C:\Users\Victus\PycharmProjects\Stocks_Screener_V2\flask_microservice_stocks_filterer\stocks_filtering_application\price_data\all_tickers_historical.csv
2025-04-09 01:09:31,946 - INFO - [stock_screening_pipeline.py]: 2025-04-09 01:09:31,946 - INFO - [minimum_5_dollar.py] Resolved output file path: C:\Users\Victus\PycharmProjects\Stocks_Screener_V2\flask_microservice_stocks_filterer\stocks_filtering_application\ipos\obligatory_screens\results\last_price_above_10.csv
2025-04-09 01:09:33,485 - INFO - [stock_screening_pipeline.py]: Successfully deleted C:\Users\Victus\PycharmProjects\Stocks_Screener_V2\flask_microservice_stocks_filterer\stocks_filtering_application\minervini_4mo\logs\last_run.log
2025-04-09 01:09:33,488 - INFO - [stock_screening_pipeline.py]: 2025-04-09 01:09:33,488 - INFO - Starting stock screening pipeline
2025-04-09 01:09:33,488 - INFO - [stock_screening_pipeline.py]: 2025-04-09 01:09:33,488 - INFO - Finding and deleting old CSV files...
2025-04-09 01:09:33,489 - INFO - [stock_screening_pipeline.py]: 2025-04-09 01:09:33,488 - INFO - Found 16 CSV files to delete
2025-04-09 01:09:33,489 - INFO - [stock_screening_pipeline.py]: 2025-04-09 01:09:33,489 - INFO - Deleting: max_rsi_12m.csv
2025-04-09 01:09:33,489 - INFO - [stock_screening_pipeline.py]: 2025-04-09 01:09:33,489 - INFO - Deleting: max_rsi_3m.csv
2025-04-09 01:09:33,490 - INFO - [stock_screening_pipeline.py]: 2025-04-09 01:09:33,489 - INFO - Deleting: max_rsi_6m.csv
2025-04-09 01:09:33,490 - INFO - [stock_screening_pipeline.py]: 2025-04-09 01:09:33,490 - INFO - Deleting: max_rsi_vs_market_3mo.csv
2025-04-09 01:09:33,491 - INFO - [stock_screening_pipeline.py]: 2025-04-09 01:09:33,490 - INFO - Deleting: min_rsi_vs_market_3mo.csv
2025-04-09 01:09:33,491 - INFO - [stock_screening_pipeline.py]: 2025-04-09 01:09:33,491 - INFO - Deleting: mvp_stocks_6mo.csv
2025-04-09 01:09:33,491 - INFO - [stock_screening_pipeline.py]: 2025-04-09 01:09:33,491 - INFO - Deleting: price_spikes.csv
2025-04-09 01:09:33,492 - INFO - [stock_screening_pipeline.py]: 2025-04-09 01:09:33,492 - INFO - Deleting: top_price_increase_1y.csv
2025-04-09 01:09:33,492 - INFO - [stock_screening_pipeline.py]: 2025-04-09 01:09:33,492 - INFO - Deleting: top_price_tightness_1w.csv
2025-04-09 01:09:33,493 - INFO - [stock_screening_pipeline.py]: 2025-04-09 01:09:33,493 - INFO - Deleting: volume_acceleration_stocks.csv
2025-04-09 01:09:33,493 - INFO - [stock_screening_pipeline.py]: 2025-04-09 01:09:33,493 - INFO - Deleting: above_52week_low.csv
2025-04-09 01:09:33,494 - INFO - [stock_screening_pipeline.py]: 2025-04-09 01:09:33,494 - INFO - Deleting: close_to_52week_high.csv
2025-04-09 01:09:33,494 - INFO - [stock_screening_pipeline.py]: 2025-04-09 01:09:33,494 - INFO - Deleting: last_price_above_10.csv
2025-04-09 01:09:33,494 - INFO - [stock_screening_pipeline.py]: 2025-04-09 01:09:33,494 - INFO - Deleting: minimum_price_increase.csv
2025-04-09 01:09:33,495 - INFO - [stock_screening_pipeline.py]: 2025-04-09 01:09:33,495 - INFO - Deleting: obligatory_passed_stocks.csv
2025-04-09 01:09:33,495 - INFO - [stock_screening_pipeline.py]: 2025-04-09 01:09:33,495 - INFO - Deleting: trending_up_stocks.csv
2025-04-09 01:09:33,560 - INFO - [stock_screening_pipeline.py]: 2025-04-09 01:09:33,560 - INFO - [minimum_price_increase.py] Resolved input file path: C:\Users\Victus\PycharmProjects\Stocks_Screener_V2\flask_microservice_stocks_filterer\stocks_filtering_application\price_data\all_tickers_historical.csv
2025-04-09 01:09:33,560 - INFO - [stock_screening_pipeline.py]: 2025-04-09 01:09:33,560 - INFO - [minimum_price_increase.py] Resolved output file path: C:\Users\Victus\PycharmProjects\Stocks_Screener_V2\flask_microservice_stocks_filterer\stocks_filtering_application\minervini_4mo\obligatory_screens\results\minimum_price_increase.csv
2025-04-09 01:09:33,564 - INFO - [stock_screening_pipeline.py]: 2025-04-09 01:09:33,563 - INFO - [above_52week_low.py] Resolved input file path: C:\Users\Victus\PycharmProjects\Stocks_Screener_V2\flask_microservice_stocks_filterer\stocks_filtering_application\price_data\all_tickers_historical.csv
2025-04-09 01:09:33,564 - INFO - [stock_screening_pipeline.py]: 2025-04-09 01:09:33,564 - INFO - [above_52week_low.py] Resolved output file path: C:\Users\Victus\PycharmProjects\Stocks_Screener_V2\flask_microservice_stocks_filterer\stocks_filtering_application\minervini_4mo\obligatory_screens\results\above_52week_low.csv
2025-04-09 01:09:33,565 - INFO - [stock_screening_pipeline.py]: 2025-04-09 01:09:33,565 - INFO - [minimum_5_dollar.py] Resolved input file path: C:\Users\Victus\PycharmProjects\Stocks_Screener_V2\flask_microservice_stocks_filterer\stocks_filtering_application\price_data\all_tickers_historical.csv
2025-04-09 01:09:33,565 - INFO - [stock_screening_pipeline.py]: 2025-04-09 01:09:33,565 - INFO - [minimum_5_dollar.py] Resolved output file path: C:\Users\Victus\PycharmProjects\Stocks_Screener_V2\flask_microservice_stocks_filterer\stocks_filtering_application\minervini_4mo\obligatory_screens\results\last_price_above_10.csv
2025-04-09 01:09:33,701 - INFO - [stock_screening_pipeline.py]: Successfully deleted C:\Users\Victus\PycharmProjects\Stocks_Screener_V2\flask_microservice_stocks_filterer\stocks_filtering_application\minervini_1mo\logs\last_run.log
2025-04-09 01:09:33,704 - INFO - [stock_screening_pipeline.py]: 2025-04-09 01:09:33,704 - INFO - Starting stock screening pipeline
2025-04-09 01:09:33,704 - INFO - [stock_screening_pipeline.py]: 2025-04-09 01:09:33,704 - INFO - Finding and deleting old CSV files...
2025-04-09 01:09:33,705 - INFO - [stock_screening_pipeline.py]: 2025-04-09 01:09:33,705 - INFO - Found 16 CSV files to delete
2025-04-09 01:09:33,705 - INFO - [stock_screening_pipeline.py]: 2025-04-09 01:09:33,705 - INFO - Deleting: max_rsi_12m.csv
2025-04-09 01:09:33,705 - INFO - [stock_screening_pipeline.py]: 2025-04-09 01:09:33,705 - INFO - Deleting: max_rsi_3m.csv
2025-04-09 01:09:33,706 - INFO - [stock_screening_pipeline.py]: 2025-04-09 01:09:33,706 - INFO - Deleting: max_rsi_6m.csv
2025-04-09 01:09:33,706 - INFO - [stock_screening_pipeline.py]: 2025-04-09 01:09:33,706 - INFO - Deleting: max_rsi_vs_market_3mo.csv
2025-04-09 01:09:33,707 - INFO - [stock_screening_pipeline.py]: 2025-04-09 01:09:33,707 - INFO - Deleting: min_rsi_vs_market_3mo.csv
2025-04-09 01:09:33,707 - INFO - [stock_screening_pipeline.py]: 2025-04-09 01:09:33,707 - INFO - Deleting: mvp_stocks_6mo.csv
2025-04-09 01:09:33,708 - INFO - [stock_screening_pipeline.py]: 2025-04-09 01:09:33,707 - INFO - Deleting: price_spikes.csv
2025-04-09 01:09:33,708 - INFO - [stock_screening_pipeline.py]: 2025-04-09 01:09:33,708 - INFO - Deleting: top_price_increase_1y.csv
2025-04-09 01:09:33,709 - INFO - [stock_screening_pipeline.py]: 2025-04-09 01:09:33,708 - INFO - Deleting: top_price_tightness_1w.csv
2025-04-09 01:09:33,709 - INFO - [stock_screening_pipeline.py]: 2025-04-09 01:09:33,709 - INFO - Deleting: volume_acceleration_stocks.csv
2025-04-09 01:09:33,710 - INFO - [stock_screening_pipeline.py]: 2025-04-09 01:09:33,710 - INFO - Deleting: above_52week_low.csv
2025-04-09 01:09:33,710 - INFO - [stock_screening_pipeline.py]: 2025-04-09 01:09:33,710 - INFO - Deleting: close_to_52week_high.csv
2025-04-09 01:09:33,710 - INFO - [stock_screening_pipeline.py]: 2025-04-09 01:09:33,710 - INFO - Deleting: last_price_above_10.csv
2025-04-09 01:09:33,711 - INFO - [stock_screening_pipeline.py]: 2025-04-09 01:09:33,711 - INFO - Deleting: minimum_price_increase.csv
2025-04-09 01:09:33,711 - INFO - [stock_screening_pipeline.py]: 2025-04-09 01:09:33,711 - INFO - Deleting: obligatory_passed_stocks.csv
2025-04-09 01:09:33,712 - INFO - [stock_screening_pipeline.py]: 2025-04-09 01:09:33,711 - INFO - Deleting: trending_up_stocks.csv
2025-04-09 01:09:33,759 - INFO - [stock_screening_pipeline.py]: 2025-04-09 01:09:33,759 - INFO - [minimum_5_dollar.py] Resolved input file path: C:\Users\Victus\PycharmProjects\Stocks_Screener_V2\flask_microservice_stocks_filterer\stocks_filtering_application\price_data\all_tickers_historical.csv
2025-04-09 01:09:33,759 - INFO - [stock_screening_pipeline.py]: 2025-04-09 01:09:33,759 - INFO - [minimum_5_dollar.py] Resolved output file path: C:\Users\Victus\PycharmProjects\Stocks_Screener_V2\flask_microservice_stocks_filterer\stocks_filtering_application\minervini_1mo\obligatory_screens\results\last_price_above_10.csv
2025-04-09 01:09:33,759 - INFO - [stock_screening_pipeline.py]: 2025-04-09 01:09:33,759 - INFO - [above_52week_low.py] Resolved input file path: C:\Users\Victus\PycharmProjects\Stocks_Screener_V2\flask_microservice_stocks_filterer\stocks_filtering_application\price_data\all_tickers_historical.csv
2025-04-09 01:09:33,759 - INFO - [stock_screening_pipeline.py]: 2025-04-09 01:09:33,759 - INFO - [above_52week_low.py] Resolved output file path: C:\Users\Victus\PycharmProjects\Stocks_Screener_V2\flask_microservice_stocks_filterer\stocks_filtering_application\minervini_1mo\obligatory_screens\results\above_52week_low.csv
2025-04-09 01:09:33,762 - INFO - [stock_screening_pipeline.py]: 2025-04-09 01:09:33,762 - INFO - [minimum_price_increase.py] Resolved input file path: C:\Users\Victus\PycharmProjects\Stocks_Screener_V2\flask_microservice_stocks_filterer\stocks_filtering_application\price_data\all_tickers_historical.csv
2025-04-09 01:09:33,762 - INFO - [stock_screening_pipeline.py]: 2025-04-09 01:09:33,762 - INFO - [minimum_price_increase.py] Resolved output file path: C:\Users\Victus\PycharmProjects\Stocks_Screener_V2\flask_microservice_stocks_filterer\stocks_filtering_application\minervini_1mo\obligatory_screens\results\minimum_price_increase.csv
2025-04-09 01:09:33,950 - INFO - [stock_screening_pipeline.py]: 2025-04-09 01:09:33,950 - INFO - [trending_up.py] Resolved input file path: C:\Users\Victus\PycharmProjects\Stocks_Screener_V2\flask_microservice_stocks_filterer\stocks_filtering_application\price_data\all_tickers_historical.csv
2025-04-09 01:09:33,950 - INFO - [stock_screening_pipeline.py]: 2025-04-09 01:09:33,950 - INFO - [trending_up.py] Resolved output file path: C:\Users\Victus\PycharmProjects\Stocks_Screener_V2\flask_microservice_stocks_filterer\stocks_filtering_application\minervini_4mo\obligatory_screens\results\trending_up_stocks.csv
2025-04-09 01:09:34,189 - INFO - [stock_screening_pipeline.py]: 2025-04-09 01:09:34,189 - INFO - [trending_up.py] Resolved input file path: C:\Users\Victus\PycharmProjects\Stocks_Screener_V2\flask_microservice_stocks_filterer\stocks_filtering_application\price_data\all_tickers_historical.csv
2025-04-09 01:09:34,189 - INFO - [stock_screening_pipeline.py]: 2025-04-09 01:09:34,189 - INFO - [trending_up.py] Resolved output file path: C:\Users\Victus\PycharmProjects\Stocks_Screener_V2\flask_microservice_stocks_filterer\stocks_filtering_application\minervini_1mo\obligatory_screens\results\trending_up_stocks.csv
2025-04-09 01:10:26,964 - INFO - [stock_screening_pipeline.py]: 2025-04-09 01:10:26,964 - INFO - [minimum_5_dollar.py] Last price check complete. 2500 stocks meeting the criteria have been saved to C:\Users\Victus\PycharmProjects\Stocks_Screener_V2\flask_microservice_stocks_filterer\stocks_filtering_application\ipos\obligatory_screens\results\last_price_above_10.csv.
2025-04-09 01:10:26,964 - INFO - [stock_screening_pipeline.py]: 2025-04-09 01:10:26,964 - INFO - [minimum_5_dollar.py] Skipped 502 rows due to missing or invalid data.
2025-04-09 01:10:27,025 - INFO - [stock_screening_pipeline.py]: 2025-04-09 01:10:27,024 - INFO - [trading_for_at_most_3mo.py] Stocks trading for at most 10 months analysis complete. 183 stocks meeting the criteria have been saved to C:\Users\Victus\PycharmProjects\Stocks_Screener_V2\flask_microservice_stocks_filterer\stocks_filtering_application\ipos\obligatory_screens\results\trading_for_at_most_3mo.csv.
2025-04-09 01:10:27,025 - INFO - [stock_screening_pipeline.py]: 2025-04-09 01:10:27,024 - INFO - [trading_for_at_most_3mo.py] Skipped 502 rows due to missing or invalid data.
2025-04-09 01:10:27,092 - INFO - [stock_screening_pipeline.py]: 2025-04-09 01:10:27,092 - INFO - [close_to_52week_high.py] Close to 52-week high analysis complete. 1355 stocks meeting the criteria have been saved to C:\Users\Victus\PycharmProjects\Stocks_Screener_V2\flask_microservice_stocks_filterer\stocks_filtering_application\ipos\obligatory_screens\results\close_to_52week_high.csv.
2025-04-09 01:10:27,092 - INFO - [stock_screening_pipeline.py]: 2025-04-09 01:10:27,092 - INFO - [close_to_52week_high.py] Skipped 502 rows due to missing or invalid data.
2025-04-09 01:10:27,250 - INFO - [stock_screening_pipeline.py]: 2025-04-09 01:10:27,250 - INFO - [obligatory_screen_passer.py] Processing 3 CSV files:
2025-04-09 01:10:27,250 - INFO - [stock_screening_pipeline.py]: 2025-04-09 01:10:27,250 - INFO - [obligatory_screen_passer.py] - close_to_52week_high.csv
2025-04-09 01:10:27,250 - INFO - [stock_screening_pipeline.py]: 2025-04-09 01:10:27,250 - INFO - [obligatory_screen_passer.py] - last_price_above_10.csv
2025-04-09 01:10:27,250 - INFO - [stock_screening_pipeline.py]: 2025-04-09 01:10:27,250 - INFO - [obligatory_screen_passer.py] - trading_for_at_most_3mo.csv
2025-04-09 01:10:27,251 - INFO - [stock_screening_pipeline.py]: 2025-04-09 01:10:27,251 - INFO - [obligatory_screen_passer.py] Processing 3 CSV files:
2025-04-09 01:10:27,251 - INFO - [stock_screening_pipeline.py]: 2025-04-09 01:10:27,251 - INFO - [obligatory_screen_passer.py] - close_to_52week_high.csv
2025-04-09 01:10:27,251 - INFO - [stock_screening_pipeline.py]: 2025-04-09 01:10:27,251 - INFO - [obligatory_screen_passer.py] - last_price_above_10.csv
2025-04-09 01:10:27,251 - INFO - [stock_screening_pipeline.py]: 2025-04-09 01:10:27,251 - INFO - [obligatory_screen_passer.py] - trading_for_at_most_3mo.csv
2025-04-09 01:10:27,251 - INFO - [stock_screening_pipeline.py]: 2025-04-09 01:10:27,251 - INFO - [obligatory_screen_passer.py]
2025-04-09 01:10:27,252 - INFO - [stock_screening_pipeline.py]: 2025-04-09 01:10:27,251 - INFO - [obligatory_screen_passer.py] Found 35 stocks that passed all available screens
2025-04-09 01:10:27,252 - INFO - [stock_screening_pipeline.py]: 2025-04-09 01:10:27,251 - INFO - [obligatory_screen_passer.py] Results saved to obligatory_passed_stocks.csv
2025-04-09 01:10:27,291 - INFO - [stock_screening_pipeline.py]: 2025-04-09 01:10:27,291 - INFO - [banned_filter.py] Creating new empty stocks_not_banned.csv file...
2025-04-09 01:10:27,298 - INFO - [stock_screening_pipeline.py]: 2025-04-09 01:10:27,297 - INFO - [banned_filter.py] Checking 35 symbols for ban. 15 symbols are allowed.
2025-04-09 01:10:27,298 - INFO - [stock_screening_pipeline.py]: 2025-04-09 01:10:27,298 - INFO - [banned_filter.py] Removed 0 expired bans.
2025-04-09 01:10:29,369 - INFO - [stock_screening_pipeline.py]: 2025-04-09 01:10:29,369 - INFO - [obligatory_screen_data_filter.py] Filtered data has been written to <_io.TextIOWrapper name='C:\\Users\\Victus\\PycharmProjects\\Stocks_Screener_V2\\flask_microservice_stocks_filterer\\stocks_filtering_application\\ipos\\ranking_screens\\passed_stocks_input_data\\filtered_price_data.csv' mode='w' encoding='cp1252'>
2025-04-09 01:10:29,475 - INFO - [stock_screening_pipeline.py]: 2025-04-09 01:10:29,475 - INFO - [volume_acceleration.py] Volume Acceleration Analysis complete. 0 Results saved to C:\Users\Victus\PycharmProjects\Stocks_Screener_V2\flask_microservice_stocks_filterer\stocks_filtering_application\ipos\ranking_screens\results\volume_acceleration_stocks.csv
2025-04-09 01:10:30,153 - INFO - [stock_screening_pipeline.py]: 2025-04-09 01:10:30,153 - INFO - [days_traded.py] Stocks ranked by number of trading days have been saved to C:\Users\Victus\PycharmProjects\Stocks_Screener_V2\flask_microservice_stocks_filterer\stocks_filtering_application\ipos\ranking_screens\results\Days_Traded.csv
2025-04-09 01:10:30,154 - INFO - [stock_screening_pipeline.py]: 2025-04-09 01:10:30,153 - INFO - [top_price_tightness_1w.py] Top stocks by price tightness (last 1 week) have been saved to C:\Users\Victus\PycharmProjects\Stocks_Screener_V2\flask_microservice_stocks_filterer\stocks_filtering_application\ipos\ranking_screens\results\top_price_tightness_1w.csv
2025-04-09 01:10:30,154 - INFO - [stock_screening_pipeline.py]: 2025-04-09 01:10:30,154 - INFO - [top_price_increases_1y.py] Top 100 stocks by price increase have been saved to C:\Users\Victus\PycharmProjects\Stocks_Screener_V2\flask_microservice_stocks_filterer\stocks_filtering_application\ipos\ranking_screens\results\top_price_increase_1y.csv
2025-04-09 01:10:30,177 - INFO - [stock_screening_pipeline.py]: 2025-04-09 01:10:30,177 - INFO - [top_rsi_12m.py] Skipping SMA: Insufficient trading data (only 5 days)
2025-04-09 01:10:30,180 - INFO - [stock_screening_pipeline.py]: 2025-04-09 01:10:30,179 - INFO - [top_rsi_6m.py] Skipping SMA: Insufficient trading data (only 5 days)
2025-04-09 01:10:30,183 - INFO - [stock_screening_pipeline.py]: 2025-04-09 01:10:30,183 - INFO - [price_spikes.py] Analysis complete. Results saved to C:\Users\Victus\PycharmProjects\Stocks_Screener_V2\flask_microservice_stocks_filterer\stocks_filtering_application\ipos\ranking_screens\results\price_spikes.csv
2025-04-09 01:10:30,183 - INFO - [stock_screening_pipeline.py]: 2025-04-09 01:10:30,183 - INFO - [top_rsi_12m.py] Top stocks by maximum RSI (last 12 months) have been saved to C:\Users\Victus\PycharmProjects\Stocks_Screener_V2\flask_microservice_stocks_filterer\stocks_filtering_application\ipos\ranking_screens\results\max_rsi_12m.csv
2025-04-09 01:10:30,184 - INFO - [stock_screening_pipeline.py]: 2025-04-09 01:10:30,183 - INFO - [top_rsi.py] Skipping SMA: Insufficient trading data (only 5 days)
2025-04-09 01:10:30,184 - INFO - [stock_screening_pipeline.py]: 2025-04-09 01:10:30,183 - INFO - [top_rsi_12m.py] Total stocks analyzed: 14
2025-04-09 01:10:30,184 - INFO - [stock_screening_pipeline.py]: 2025-04-09 01:10:30,184 - INFO - [top_rsi_12m.py] Stocks excluded due to insufficient trading data: 1
2025-04-09 01:10:30,184 - INFO - [stock_screening_pipeline.py]: 2025-04-09 01:10:30,184 - INFO - [top_rsi_6m.py] Top stocks by maximum RSI (last 6 months) have been saved to C:\Users\Victus\PycharmProjects\Stocks_Screener_V2\flask_microservice_stocks_filterer\stocks_filtering_application\ipos\ranking_screens\results\max_rsi_6m.csv
2025-04-09 01:10:30,184 - INFO - [stock_screening_pipeline.py]: 2025-04-09 01:10:30,184 - INFO - [top_rsi_6m.py] Total stocks analyzed: 14
2025-04-09 01:10:30,185 - INFO - [stock_screening_pipeline.py]: 2025-04-09 01:10:30,185 - INFO - [top_rsi_6m.py] Stocks excluded due to insufficient trading data: 1
2025-04-09 01:10:30,189 - INFO - [stock_screening_pipeline.py]: 2025-04-09 01:10:30,189 - INFO - [top_rsi.py] Top stocks by maximum RSI (last 3 months) have been saved to C:\Users\Victus\PycharmProjects\Stocks_Screener_V2\flask_microservice_stocks_filterer\stocks_filtering_application\ipos\ranking_screens\results\max_rsi_3m.csv
2025-04-09 01:10:30,189 - INFO - [stock_screening_pipeline.py]: 2025-04-09 01:10:30,189 - INFO - [top_rsi.py] Total stocks analyzed: 14
2025-04-09 01:10:30,190 - INFO - [stock_screening_pipeline.py]: 2025-04-09 01:10:30,189 - INFO - [top_rsi.py] Stocks excluded due to insufficient trading data: 1
2025-04-09 01:10:30,264 - INFO - [stock_screening_pipeline.py]: 2025-04-09 01:10:30,264 - ERROR - [top_price_tightness_1w.py ERROR] C:\Users\Victus\PycharmProjects\Stocks_Screener_V2\flask_microservice_stocks_filterer\stocks_filtering_application\ipos\ranking_screens\top_price_tightness_1w.py:31: DeprecationWarning: DataFrameGroupBy.apply operated on the grouping columns. This behavior is deprecated, and in a future version of pandas the grouping columns will be excluded from the operation. Either pass `include_groups=False` to exclude the groupings or explicitly select the grouping columns after groupby to silence this warning.
2025-04-09 01:10:30,264 - INFO - [stock_screening_pipeline.py]: 2025-04-09 01:10:30,264 - ERROR - [days_traded.py ERROR] C:\Users\Victus\PycharmProjects\Stocks_Screener_V2\flask_microservice_stocks_filterer\stocks_filtering_application\ipos\ranking_screens\days_traded.py:26: DeprecationWarning: DataFrameGroupBy.apply operated on the grouping columns. This behavior is deprecated, and in a future version of pandas the grouping columns will be excluded from the operation. Either pass `include_groups=False` to exclude the groupings or explicitly select the grouping columns after groupby to silence this warning.
2025-04-09 01:10:30,264 - INFO - [stock_screening_pipeline.py]: 2025-04-09 01:10:30,264 - ERROR - [top_price_increases_1y.py ERROR] C:\Users\Victus\PycharmProjects\Stocks_Screener_V2\flask_microservice_stocks_filterer\stocks_filtering_application\ipos\ranking_screens\top_price_increases_1y.py:27: DeprecationWarning: DataFrameGroupBy.apply operated on the grouping columns. This behavior is deprecated, and in a future version of pandas the grouping columns will be excluded from the operation. Either pass `include_groups=False` to exclude the groupings or explicitly select the grouping columns after groupby to silence this warning.
2025-04-09 01:10:30,264 - INFO - [stock_screening_pipeline.py]: 2025-04-09 01:10:30,264 - ERROR - [top_price_tightness_1w.py ERROR] price_tightness = df_filtered.groupby('Symbol').apply(calculate_price_tightness)
2025-04-09 01:10:30,264 - INFO - [stock_screening_pipeline.py]: 2025-04-09 01:10:30,264 - ERROR - [days_traded.py ERROR] trading_days = df.groupby('Symbol').apply(count_trading_days)
2025-04-09 01:10:30,264 - INFO - [stock_screening_pipeline.py]: 2025-04-09 01:10:30,264 - ERROR - [top_price_increases_1y.py ERROR] price_increases = df.groupby('Symbol').apply(calculate_price_increase)
2025-04-09 01:10:30,579 - INFO - [stock_screening_pipeline.py]: 2025-04-09 01:10:30,579 - INFO - [mvp.py] Stocks meeting MVP criteria at least once in the last 6 months have been saved to C:\Users\Victus\PycharmProjects\Stocks_Screener_V2\flask_microservice_stocks_filterer\stocks_filtering_application\ipos\ranking_screens\results\mvp_stocks_6mo.csv
2025-04-09 01:10:31,290 - INFO - [stock_screening_pipeline.py]: 2025-04-09 01:10:31,290 - INFO - [minimum_5_dollar.py] Last price check complete. 2500 stocks meeting the criteria have been saved to C:\Users\Victus\PycharmProjects\Stocks_Screener_V2\flask_microservice_stocks_filterer\stocks_filtering_application\minervini_4mo\obligatory_screens\results\last_price_above_10.csv.
2025-04-09 01:10:31,290 - INFO - [stock_screening_pipeline.py]: 2025-04-09 01:10:31,290 - INFO - [minimum_5_dollar.py] Skipped 502 rows due to missing or invalid data.
2025-04-09 01:10:31,396 - INFO - [stock_screening_pipeline.py]: 2025-04-09 01:10:31,396 - INFO - [top_n_stocks_by_price_increase.py] Warning: File 'mvp_stocks_6mo.csv' has an invalid header. Skipping.
2025-04-09 01:10:31,397 - INFO - [stock_screening_pipeline.py]: 2025-04-09 01:10:31,397 - INFO - [top_n_stocks_by_price_increase.py] 'C:\Users\Victus\PycharmProjects\Stocks_Screener_V2\flask_microservice_stocks_filterer\stocks_filtering_application\ipos\stocks_ranking_by_price.csv' has been created.
2025-04-09 01:10:31,402 - INFO - [stock_screening_pipeline.py]: 2025-04-09 01:10:31,402 - INFO - Stock screening pipeline completed successfully.
2025-04-09 01:10:31,414 - INFO - stock_screening_pipeline.py completed successfully.
2025-04-09 01:10:31,465 - INFO - [stock_screening_pipeline.py]: 2025-04-09 01:10:31,465 - INFO - [minimum_5_dollar.py] Last price check complete. 2500 stocks meeting the criteria have been saved to C:\Users\Victus\PycharmProjects\Stocks_Screener_V2\flask_microservice_stocks_filterer\stocks_filtering_application\minervini_1mo\obligatory_screens\results\last_price_above_10.csv.
2025-04-09 01:10:31,465 - INFO - [stock_screening_pipeline.py]: 2025-04-09 01:10:31,465 - INFO - [minimum_5_dollar.py] Skipped 502 rows due to missing or invalid data.
2025-04-09 01:10:31,483 - INFO - [stock_screening_pipeline.py]: 2025-04-09 01:10:31,483 - INFO - [above_52week_low.py] Above 52 week low analysis complete. 1022 stocks meeting the criteria have been saved to C:\Users\Victus\PycharmProjects\Stocks_Screener_V2\flask_microservice_stocks_filterer\stocks_filtering_application\minervini_4mo\obligatory_screens\results\above_52week_low.csv.
2025-04-09 01:10:31,483 - INFO - [stock_screening_pipeline.py]: 2025-04-09 01:10:31,483 - INFO - [above_52week_low.py] Skipped 502 rows due to missing or invalid data.
2025-04-09 01:10:31,549 - INFO - [stock_screening_pipeline.py]: 2025-04-09 01:10:31,548 - INFO - [above_52week_low.py] Above 52 week low analysis complete. 1022 stocks meeting the criteria have been saved to C:\Users\Victus\PycharmProjects\Stocks_Screener_V2\flask_microservice_stocks_filterer\stocks_filtering_application\minervini_1mo\obligatory_screens\results\above_52week_low.csv.
2025-04-09 01:10:31,549 - INFO - [stock_screening_pipeline.py]: 2025-04-09 01:10:31,549 - INFO - [above_52week_low.py] Skipped 502 rows due to missing or invalid data.
2025-04-09 01:10:31,652 - INFO - [stock_screening_pipeline.py]: 2025-04-09 01:10:31,652 - INFO - [close_to_52week_high.py] Close to 52-week high analysis complete. 1355 stocks meeting the criteria have been saved to C:\Users\Victus\PycharmProjects\Stocks_Screener_V2\flask_microservice_stocks_filterer\stocks_filtering_application\minervini_4mo\obligatory_screens\results\close_to_52week_high.csv.
2025-04-09 01:10:31,652 - INFO - [stock_screening_pipeline.py]: 2025-04-09 01:10:31,652 - INFO - [close_to_52week_high.py] Skipped 502 rows due to missing or invalid data.
2025-04-09 01:10:31,743 - INFO - [stock_screening_pipeline.py]: 2025-04-09 01:10:31,742 - INFO - [close_to_52week_high.py] Close to 52-week high analysis complete. 1355 stocks meeting the criteria have been saved to C:\Users\Victus\PycharmProjects\Stocks_Screener_V2\flask_microservice_stocks_filterer\stocks_filtering_application\minervini_1mo\obligatory_screens\results\close_to_52week_high.csv.
2025-04-09 01:10:31,743 - INFO - [stock_screening_pipeline.py]: 2025-04-09 01:10:31,743 - INFO - [close_to_52week_high.py] Skipped 502 rows due to missing or invalid data.
2025-04-09 01:10:32,194 - INFO - [stock_screening_pipeline.py]: 2025-04-09 01:10:32,193 - INFO - [minimum_price_increase.py] Analysis complete. 3773 stocks with minimum 50.0% increase have been saved to C:\Users\Victus\PycharmProjects\Stocks_Screener_V2\flask_microservice_stocks_filterer\stocks_filtering_application\minervini_1mo\obligatory_screens\results\minimum_price_increase.csv.
2025-04-09 01:10:32,194 - INFO - [stock_screening_pipeline.py]: 2025-04-09 01:10:32,193 - INFO - [minimum_price_increase.py] Skipped 13 rows due to missing, invalid, or outdated data.
2025-04-09 01:10:32,297 - INFO - [stock_screening_pipeline.py]: 2025-04-09 01:10:32,297 - INFO - [minimum_price_increase.py] Analysis complete. 3773 stocks with minimum 50.0% increase have been saved to C:\Users\Victus\PycharmProjects\Stocks_Screener_V2\flask_microservice_stocks_filterer\stocks_filtering_application\minervini_4mo\obligatory_screens\results\minimum_price_increase.csv.
2025-04-09 01:10:32,297 - INFO - [stock_screening_pipeline.py]: 2025-04-09 01:10:32,297 - INFO - [minimum_price_increase.py] Skipped 13 rows due to missing, invalid, or outdated data.
2025-04-09 01:10:59,368 - INFO - [stock_screening_pipeline.py]: 2025-04-09 01:10:59,368 - INFO - [trending_up.py] Trending up analysis complete. Saved 146 symbols to C:\Users\Victus\PycharmProjects\Stocks_Screener_V2\flask_microservice_stocks_filterer\stocks_filtering_application\minervini_1mo\obligatory_screens\results\trending_up_stocks.csv
2025-04-09 01:10:59,495 - INFO - [stock_screening_pipeline.py]: 2025-04-09 01:10:59,495 - INFO - [obligatory_screen_passer.py] Processing 5 CSV files:
2025-04-09 01:10:59,495 - INFO - [stock_screening_pipeline.py]: 2025-04-09 01:10:59,495 - INFO - [obligatory_screen_passer.py] - above_52week_low.csv
2025-04-09 01:10:59,495 - INFO - [stock_screening_pipeline.py]: 2025-04-09 01:10:59,495 - INFO - [obligatory_screen_passer.py] - close_to_52week_high.csv
2025-04-09 01:10:59,495 - INFO - [stock_screening_pipeline.py]: 2025-04-09 01:10:59,495 - INFO - [obligatory_screen_passer.py] - last_price_above_10.csv
2025-04-09 01:10:59,495 - INFO - [stock_screening_pipeline.py]: 2025-04-09 01:10:59,495 - INFO - [obligatory_screen_passer.py] - minimum_price_increase.csv
2025-04-09 01:10:59,495 - INFO - [stock_screening_pipeline.py]: 2025-04-09 01:10:59,495 - INFO - [obligatory_screen_passer.py] - trending_up_stocks.csv
2025-04-09 01:10:59,495 - INFO - [stock_screening_pipeline.py]: 2025-04-09 01:10:59,495 - INFO - [obligatory_screen_passer.py]
2025-04-09 01:10:59,495 - INFO - [stock_screening_pipeline.py]: 2025-04-09 01:10:59,495 - INFO - [obligatory_screen_passer.py] Found 44 stocks that passed all available screens
2025-04-09 01:10:59,495 - INFO - [stock_screening_pipeline.py]: 2025-04-09 01:10:59,495 - INFO - [obligatory_screen_passer.py] Results saved to obligatory_passed_stocks.csv
2025-04-09 01:10:59,531 - INFO - [stock_screening_pipeline.py]: 2025-04-09 01:10:59,530 - INFO - [banned_filter.py] Creating new empty stocks_not_banned.csv file...
2025-04-09 01:10:59,536 - INFO - [stock_screening_pipeline.py]: 2025-04-09 01:10:59,536 - INFO - [banned_filter.py] Checking 44 symbols for ban. 34 symbols are allowed.
2025-04-09 01:10:59,536 - INFO - [stock_screening_pipeline.py]: 2025-04-09 01:10:59,536 - INFO - [banned_filter.py] Removed 0 expired bans.
2025-04-09 01:10:59,765 - INFO - [stock_screening_pipeline.py]: 2025-04-09 01:10:59,765 - INFO - [trending_up.py] Trending up analysis complete. Saved 98 symbols to C:\Users\Victus\PycharmProjects\Stocks_Screener_V2\flask_microservice_stocks_filterer\stocks_filtering_application\minervini_4mo\obligatory_screens\results\trending_up_stocks.csv
2025-04-09 01:10:59,902 - INFO - [stock_screening_pipeline.py]: 2025-04-09 01:10:59,901 - INFO - [obligatory_screen_passer.py] Processing 5 CSV files:
2025-04-09 01:10:59,902 - INFO - [stock_screening_pipeline.py]: 2025-04-09 01:10:59,902 - INFO - [obligatory_screen_passer.py] - above_52week_low.csv
2025-04-09 01:10:59,902 - INFO - [stock_screening_pipeline.py]: 2025-04-09 01:10:59,902 - INFO - [obligatory_screen_passer.py] - close_to_52week_high.csv
2025-04-09 01:10:59,902 - INFO - [stock_screening_pipeline.py]: 2025-04-09 01:10:59,902 - INFO - [obligatory_screen_passer.py] - last_price_above_10.csv
2025-04-09 01:10:59,902 - INFO - [stock_screening_pipeline.py]: 2025-04-09 01:10:59,902 - INFO - [obligatory_screen_passer.py] - minimum_price_increase.csv
2025-04-09 01:10:59,902 - INFO - [stock_screening_pipeline.py]: 2025-04-09 01:10:59,902 - INFO - [obligatory_screen_passer.py] - trending_up_stocks.csv
2025-04-09 01:10:59,902 - INFO - [stock_screening_pipeline.py]: 2025-04-09 01:10:59,902 - INFO - [obligatory_screen_passer.py]
2025-04-09 01:10:59,902 - INFO - [stock_screening_pipeline.py]: 2025-04-09 01:10:59,902 - INFO - [obligatory_screen_passer.py] Found 37 stocks that passed all available screens
2025-04-09 01:10:59,902 - INFO - [stock_screening_pipeline.py]: 2025-04-09 01:10:59,902 - INFO - [obligatory_screen_passer.py] Results saved to obligatory_passed_stocks.csv
2025-04-09 01:10:59,938 - INFO - [stock_screening_pipeline.py]: 2025-04-09 01:10:59,938 - INFO - [banned_filter.py] Creating new empty stocks_not_banned.csv file...
2025-04-09 01:10:59,944 - INFO - [stock_screening_pipeline.py]: 2025-04-09 01:10:59,944 - INFO - [banned_filter.py] Checking 37 symbols for ban. 31 symbols are allowed.
2025-04-09 01:10:59,944 - INFO - [stock_screening_pipeline.py]: 2025-04-09 01:10:59,944 - INFO - [banned_filter.py] Removed 0 expired bans.
2025-04-09 01:11:01,644 - INFO - [stock_screening_pipeline.py]: 2025-04-09 01:11:01,644 - INFO - [obligatory_screen_data_filter.py] Filtered data has been written to <_io.TextIOWrapper name='C:\\Users\\Victus\\PycharmProjects\\Stocks_Screener_V2\\flask_microservice_stocks_filterer\\stocks_filtering_application\\minervini_1mo\\ranking_screens\\passed_stocks_input_data\\filtered_price_data.csv' mode='w' encoding='cp1252'>
2025-04-09 01:11:01,874 - INFO - [stock_screening_pipeline.py]: 2025-04-09 01:11:01,874 - INFO - [volume_acceleration.py] Volume Acceleration Analysis complete. 16 Results saved to C:\Users\Victus\PycharmProjects\Stocks_Screener_V2\flask_microservice_stocks_filterer\stocks_filtering_application\minervini_1mo\ranking_screens\results\volume_acceleration_stocks.csv
2025-04-09 01:11:02,238 - INFO - [stock_screening_pipeline.py]: 2025-04-09 01:11:02,238 - INFO - [obligatory_screen_data_filter.py] Filtered data has been written to <_io.TextIOWrapper name='C:\\Users\\Victus\\PycharmProjects\\Stocks_Screener_V2\\flask_microservice_stocks_filterer\\stocks_filtering_application\\minervini_4mo\\ranking_screens\\passed_stocks_input_data\\filtered_price_data.csv' mode='w' encoding='cp1252'>
2025-04-09 01:11:02,500 - INFO - [stock_screening_pipeline.py]: 2025-04-09 01:11:02,500 - INFO - [top_price_increases_1y.py] Top stocks by price increase (last 1 year) have been saved to C:\Users\Victus\PycharmProjects\Stocks_Screener_V2\flask_microservice_stocks_filterer\stocks_filtering_application\minervini_1mo\ranking_screens\results\top_price_increase_1y.csv
2025-04-09 01:11:02,565 - INFO - [stock_screening_pipeline.py]: 2025-04-09 01:11:02,564 - INFO - [top_price_tightness_1w.py] Top stocks by price tightness (last 1 week) have been saved to C:\Users\Victus\PycharmProjects\Stocks_Screener_V2\flask_microservice_stocks_filterer\stocks_filtering_application\minervini_1mo\ranking_screens\results\top_price_tightness_1w.csv
2025-04-09 01:11:02,581 - INFO - [stock_screening_pipeline.py]: 2025-04-09 01:11:02,581 - INFO - [volume_acceleration.py] Volume Acceleration Analysis complete. 15 Results saved to C:\Users\Victus\PycharmProjects\Stocks_Screener_V2\flask_microservice_stocks_filterer\stocks_filtering_application\minervini_4mo\ranking_screens\results\volume_acceleration_stocks.csv
2025-04-09 01:11:02,597 - INFO - [stock_screening_pipeline.py]: 2025-04-09 01:11:02,597 - INFO - [top_rsi_6m.py] Top stocks by maximum RSI (last 6 months) have been saved to C:\Users\Victus\PycharmProjects\Stocks_Screener_V2\flask_microservice_stocks_filterer\stocks_filtering_application\minervini_1mo\ranking_screens\results\max_rsi_6m.csv
2025-04-09 01:11:02,597 - INFO - [stock_screening_pipeline.py]: 2025-04-09 01:11:02,597 - INFO - [top_rsi_6m.py] Total stocks analyzed: 34
2025-04-09 01:11:02,598 - INFO - [stock_screening_pipeline.py]: 2025-04-09 01:11:02,597 - INFO - [top_rsi_6m.py] Stocks excluded due to insufficient trading data: 0
2025-04-09 01:11:02,610 - INFO - [stock_screening_pipeline.py]: 2025-04-09 01:11:02,609 - INFO - [price_spikes.py] Analysis complete. Results saved to C:\Users\Victus\PycharmProjects\Stocks_Screener_V2\flask_microservice_stocks_filterer\stocks_filtering_application\minervini_1mo\ranking_screens\results\price_spikes.csv
2025-04-09 01:11:02,615 - INFO - [stock_screening_pipeline.py]: 2025-04-09 01:11:02,614 - ERROR - [top_price_increases_1y.py ERROR] C:\Users\Victus\PycharmProjects\Stocks_Screener_V2\flask_microservice_stocks_filterer\stocks_filtering_application\minervini_1mo\ranking_screens\top_price_increases_1y.py:32: DeprecationWarning: DataFrameGroupBy.apply operated on the grouping columns. This behavior is deprecated, and in a future version of pandas the grouping columns will be excluded from the operation. Either pass `include_groups=False` to exclude the groupings or explicitly select the grouping columns after groupby to silence this warning.
2025-04-09 01:11:02,615 - INFO - [stock_screening_pipeline.py]: 2025-04-09 01:11:02,614 - ERROR - [top_price_increases_1y.py ERROR] price_increases = df_filtered.groupby('Symbol').apply(calculate_price_increase)
2025-04-09 01:11:02,621 - INFO - [stock_screening_pipeline.py]: 2025-04-09 01:11:02,621 - INFO - [top_rsi.py] Top stocks by maximum RSI (last 3 months) have been saved to C:\Users\Victus\PycharmProjects\Stocks_Screener_V2\flask_microservice_stocks_filterer\stocks_filtering_application\minervini_1mo\ranking_screens\results\max_rsi_3m.csv
2025-04-09 01:11:02,621 - INFO - [stock_screening_pipeline.py]: 2025-04-09 01:11:02,621 - INFO - [top_rsi.py] Total stocks analyzed: 34
2025-04-09 01:11:02,622 - INFO - [stock_screening_pipeline.py]: 2025-04-09 01:11:02,622 - INFO - [top_rsi.py] Stocks excluded due to insufficient trading data: 0
2025-04-09 01:11:02,642 - INFO - [stock_screening_pipeline.py]: 2025-04-09 01:11:02,642 - INFO - [top_rsi_12m.py] Top stocks by maximum RSI (last 12 months) have been saved to C:\Users\Victus\PycharmProjects\Stocks_Screener_V2\flask_microservice_stocks_filterer\stocks_filtering_application\minervini_1mo\ranking_screens\results\max_rsi_12m.csv
2025-04-09 01:11:02,642 - INFO - [stock_screening_pipeline.py]: 2025-04-09 01:11:02,642 - INFO - [top_rsi_12m.py] Total stocks analyzed: 34
2025-04-09 01:11:02,643 - INFO - [stock_screening_pipeline.py]: 2025-04-09 01:11:02,642 - INFO - [top_rsi_12m.py] Stocks excluded due to insufficient trading data: 0
2025-04-09 01:11:02,713 - INFO - [stock_screening_pipeline.py]: 2025-04-09 01:11:02,713 - ERROR - [top_price_tightness_1w.py ERROR] C:\Users\Victus\PycharmProjects\Stocks_Screener_V2\flask_microservice_stocks_filterer\stocks_filtering_application\minervini_1mo\ranking_screens\top_price_tightness_1w.py:31: DeprecationWarning: DataFrameGroupBy.apply operated on the grouping columns. This behavior is deprecated, and in a future version of pandas the grouping columns will be excluded from the operation. Either pass `include_groups=False` to exclude the groupings or explicitly select the grouping columns after groupby to silence this warning.
2025-04-09 01:11:02,714 - INFO - [stock_screening_pipeline.py]: 2025-04-09 01:11:02,713 - ERROR - [top_price_tightness_1w.py ERROR] price_tightness = df_filtered.groupby('Symbol').apply(calculate_price_tightness)
2025-04-09 01:11:03,099 - INFO - [stock_screening_pipeline.py]: 2025-04-09 01:11:03,099 - INFO - [top_price_tightness_1w.py] Top stocks by price tightness (last 1 week) have been saved to C:\Users\Victus\PycharmProjects\Stocks_Screener_V2\flask_microservice_stocks_filterer\stocks_filtering_application\minervini_4mo\ranking_screens\results\top_price_tightness_1w.csv
2025-04-09 01:11:03,124 - INFO - [stock_screening_pipeline.py]: 2025-04-09 01:11:03,124 - INFO - [top_rsi_6m.py] Top stocks by maximum RSI (last 6 months) have been saved to C:\Users\Victus\PycharmProjects\Stocks_Screener_V2\flask_microservice_stocks_filterer\stocks_filtering_application\minervini_4mo\ranking_screens\results\max_rsi_6m.csv
2025-04-09 01:11:03,124 - INFO - [stock_screening_pipeline.py]: 2025-04-09 01:11:03,124 - INFO - [top_rsi_6m.py] Total stocks analyzed: 31
2025-04-09 01:11:03,124 - INFO - [stock_screening_pipeline.py]: 2025-04-09 01:11:03,124 - INFO - [top_rsi_6m.py] Stocks excluded due to insufficient trading data: 0
2025-04-09 01:11:03,133 - INFO - [stock_screening_pipeline.py]: 2025-04-09 01:11:03,132 - INFO - [top_price_increases_1y.py] Top stocks by price increase (last 1 year) have been saved to C:\Users\Victus\PycharmProjects\Stocks_Screener_V2\flask_microservice_stocks_filterer\stocks_filtering_application\minervini_4mo\ranking_screens\results\top_price_increase_1y.csv
2025-04-09 01:11:03,133 - INFO - [stock_screening_pipeline.py]: 2025-04-09 01:11:03,133 - INFO - [price_spikes.py] Analysis complete. Results saved to C:\Users\Victus\PycharmProjects\Stocks_Screener_V2\flask_microservice_stocks_filterer\stocks_filtering_application\minervini_4mo\ranking_screens\results\price_spikes.csv
2025-04-09 01:11:03,170 - INFO - [stock_screening_pipeline.py]: 2025-04-09 01:11:03,170 - INFO - [top_rsi.py] Top stocks by maximum RSI (last 3 months) have been saved to C:\Users\Victus\PycharmProjects\Stocks_Screener_V2\flask_microservice_stocks_filterer\stocks_filtering_application\minervini_4mo\ranking_screens\results\max_rsi_3m.csv
2025-04-09 01:11:03,170 - INFO - [stock_screening_pipeline.py]: 2025-04-09 01:11:03,170 - INFO - [top_rsi.py] Total stocks analyzed: 31
2025-04-09 01:11:03,170 - INFO - [stock_screening_pipeline.py]: 2025-04-09 01:11:03,170 - INFO - [top_rsi.py] Stocks excluded due to insufficient trading data: 0
2025-04-09 01:11:03,172 - INFO - [stock_screening_pipeline.py]: 2025-04-09 01:11:03,171 - ERROR - [top_price_tightness_1w.py ERROR] C:\Users\Victus\PycharmProjects\Stocks_Screener_V2\flask_microservice_stocks_filterer\stocks_filtering_application\minervini_4mo\ranking_screens\top_price_tightness_1w.py:31: DeprecationWarning: DataFrameGroupBy.apply operated on the grouping columns. This behavior is deprecated, and in a future version of pandas the grouping columns will be excluded from the operation. Either pass `include_groups=False` to exclude the groupings or explicitly select the grouping columns after groupby to silence this warning.
2025-04-09 01:11:03,172 - INFO - [stock_screening_pipeline.py]: 2025-04-09 01:11:03,171 - ERROR - [top_price_tightness_1w.py ERROR] price_tightness = df_filtered.groupby('Symbol').apply(calculate_price_tightness)
2025-04-09 01:11:03,173 - INFO - [stock_screening_pipeline.py]: 2025-04-09 01:11:03,173 - INFO - [top_rsi_12m.py] Top stocks by maximum RSI (last 12 months) have been saved to C:\Users\Victus\PycharmProjects\Stocks_Screener_V2\flask_microservice_stocks_filterer\stocks_filtering_application\minervini_4mo\ranking_screens\results\max_rsi_12m.csv
2025-04-09 01:11:03,173 - INFO - [stock_screening_pipeline.py]: 2025-04-09 01:11:03,173 - INFO - [top_rsi_12m.py] Total stocks analyzed: 31
2025-04-09 01:11:03,173 - INFO - [stock_screening_pipeline.py]: 2025-04-09 01:11:03,173 - INFO - [top_rsi_12m.py] Stocks excluded due to insufficient trading data: 0
2025-04-09 01:11:03,233 - INFO - [stock_screening_pipeline.py]: 2025-04-09 01:11:03,233 - ERROR - [top_price_increases_1y.py ERROR] C:\Users\Victus\PycharmProjects\Stocks_Screener_V2\flask_microservice_stocks_filterer\stocks_filtering_application\minervini_4mo\ranking_screens\top_price_increases_1y.py:32: DeprecationWarning: DataFrameGroupBy.apply operated on the grouping columns. This behavior is deprecated, and in a future version of pandas the grouping columns will be excluded from the operation. Either pass `include_groups=False` to exclude the groupings or explicitly select the grouping columns after groupby to silence this warning.
2025-04-09 01:11:03,233 - INFO - [stock_screening_pipeline.py]: 2025-04-09 01:11:03,233 - ERROR - [top_price_increases_1y.py ERROR] price_increases = df_filtered.groupby('Symbol').apply(calculate_price_increase)
2025-04-09 01:11:04,140 - INFO - [stock_screening_pipeline.py]: 2025-04-09 01:11:04,140 - INFO - [mvp.py] Stocks meeting MVP criteria at least once in the last 6 months have been saved to C:\Users\Victus\PycharmProjects\Stocks_Screener_V2\flask_microservice_stocks_filterer\stocks_filtering_application\minervini_1mo\ranking_screens\results\mvp_stocks_6mo.csv
2025-04-09 01:11:04,244 - INFO - [stock_screening_pipeline.py]: 2025-04-09 01:11:04,243 - INFO - [top_n_stocks_by_price_increase.py] 'C:\Users\Victus\PycharmProjects\Stocks_Screener_V2\flask_microservice_stocks_filterer\stocks_filtering_application\minervini_1mo\stocks_ranking_by_price.csv' has been created with filtered symbols.
2025-04-09 01:11:04,249 - INFO - [stock_screening_pipeline.py]: 2025-04-09 01:11:04,249 - INFO - Stock screening pipeline completed successfully.
2025-04-09 01:11:04,260 - INFO - stock_screening_pipeline.py completed successfully.
2025-04-09 01:11:04,332 - INFO - [stock_screening_pipeline.py]: 2025-04-09 01:11:04,332 - INFO - [mvp.py] Stocks meeting MVP criteria at least once in the last 6 months have been saved to C:\Users\Victus\PycharmProjects\Stocks_Screener_V2\flask_microservice_stocks_filterer\stocks_filtering_application\minervini_4mo\ranking_screens\results\mvp_stocks_6mo.csv
2025-04-09 01:11:04,428 - INFO - [stock_screening_pipeline.py]: 2025-04-09 01:11:04,427 - INFO - [top_n_stocks_by_price_increase.py] 'C:\Users\Victus\PycharmProjects\Stocks_Screener_V2\flask_microservice_stocks_filterer\stocks_filtering_application\minervini_4mo\stocks_ranking_by_price.csv' has been created.
2025-04-09 01:11:04,433 - INFO - [stock_screening_pipeline.py]: 2025-04-09 01:11:04,433 - INFO - Stock screening pipeline completed successfully.
2025-04-09 01:11:04,443 - INFO - stock_screening_pipeline.py completed successfully.
2025-04-09 01:11:04,444 - INFO - All pipelines completed.
