2025-03-07 00:52:27,639 - INFO - Starting master stock screening pipeline manager.
2025-03-07 00:52:27,641 - INFO - Fetching stock data...
2025-03-07 00:52:27,641 - INFO - Running C:\Users\Victus\PycharmProjects\Stocks_Screener_V2\flask_microservice_stocks_filterer\stocks_filtering_application\price_1y_fundamental_2y.py in C:\Users\Victus\PycharmProjects\Stocks_Screener_V2\flask_microservice_stocks_filterer\stocks_filtering_application
2025-03-07 00:52:30,154 - INFO - [price_1y_fundamental_2y.py] Successfully fetched data for AAAU
2025-03-07 00:52:30,169 - INFO - [price_1y_fundamental_2y.py] Successfully fetched data for AACG
2025-03-07 00:52:30,170 - INFO - [price_1y_fundamental_2y.py] Successfully fetched data for AAA
2025-03-07 00:52:30,262 - INFO - [price_1y_fundamental_2y.py] Successfully fetched data for AA
2025-03-07 00:52:30,640 - INFO - [price_1y_fundamental_2y.py] Successfully fetched data for A
2025-03-07 00:52:31,507 - INFO - [price_1y_fundamental_2y.py] Successfully fetched data for AACT
2025-03-07 00:52:31,747 - INFO - [price_1y_fundamental_2y.py] Successfully fetched data for AADI
2025-03-07 00:52:32,059 - INFO - [price_1y_fundamental_2y.py] Successfully fetched data for AADR
2025-03-07 00:52:32,245 - INFO - [price_1y_fundamental_2y.py] Successfully fetched data for AAGR
2025-03-07 00:52:33,942 - INFO - [price_1y_fundamental_2y.py] No price data found for AAMC
2025-03-07 00:52:34,020 - INFO - [price_1y_fundamental_2y.py] Successfully fetched data for AAL
2025-03-07 00:52:34,061 - INFO - [price_1y_fundamental_2y.py] Successfully fetched data for AAGRW
2025-03-07 00:52:34,666 - INFO - [price_1y_fundamental_2y.py] No price data found for AAN
2025-03-07 00:52:35,286 - INFO - [price_1y_fundamental_2y.py] Successfully fetched data for AAME
2025-03-07 00:52:35,499 - INFO - [price_1y_fundamental_2y.py] Successfully fetched data for AAP
2025-03-07 00:52:35,621 - INFO - [price_1y_fundamental_2y.py] Successfully fetched data for AAON
2025-03-07 00:52:35,637 - INFO - [price_1y_fundamental_2y.py] Successfully fetched data for AAOI
2025-03-07 00:52:35,822 - INFO - [price_1y_fundamental_2y.py] Successfully fetched data for AAPB
2025-03-07 00:52:36,962 - INFO - [price_1y_fundamental_2y.py] Successfully fetched data for AAPD
2025-03-07 00:52:37,034 - INFO - [price_1y_fundamental_2y.py] Successfully fetched data for AAPR
2025-03-07 00:52:37,306 - INFO - [price_1y_fundamental_2y.py] Successfully fetched data for AAPL
2025-03-07 00:52:37,360 - INFO - [price_1y_fundamental_2y.py] Successfully fetched data for AAPX
2025-03-07 00:52:37,467 - INFO - [price_1y_fundamental_2y.py] Successfully fetched data for AAPU
2025-03-07 00:52:38,875 - INFO - [price_1y_fundamental_2y.py] Successfully fetched data for AAT
2025-03-07 00:52:39,049 - INFO - [price_1y_fundamental_2y.py] Successfully fetched data for AAPY
2025-03-07 00:52:39,250 - INFO - [price_1y_fundamental_2y.py] Successfully fetched data for AAXJ
2025-03-07 00:52:39,430 - INFO - [price_1y_fundamental_2y.py] Successfully fetched data for ABAT
2025-03-07 00:52:39,574 - INFO - [price_1y_fundamental_2y.py] Successfully fetched data for AB
2025-03-07 00:52:40,438 - INFO - [price_1y_fundamental_2y.py] Successfully fetched data for ABCB
2025-03-07 00:52:40,674 - INFO - [price_1y_fundamental_2y.py] Successfully fetched data for ABCL
2025-03-07 00:52:41,283 - INFO - [price_1y_fundamental_2y.py] Successfully fetched data for ABBV
2025-03-07 00:52:41,549 - INFO - [price_1y_fundamental_2y.py] Successfully fetched data for ABCS
2025-03-07 00:52:41,786 - INFO - [price_1y_fundamental_2y.py] Successfully fetched data for ABEQ
2025-03-07 00:52:41,830 - INFO - [price_1y_fundamental_2y.py] Successfully fetched data for ABEO
2025-03-07 00:52:42,909 - INFO - [price_1y_fundamental_2y.py] Successfully fetched data for ABEV
2025-03-07 00:52:43,055 - INFO - [price_1y_fundamental_2y.py] Successfully fetched data for ABLLL
2025-03-07 00:52:43,217 - INFO - [price_1y_fundamental_2y.py] Successfully fetched data for ABL
2025-03-07 00:52:43,562 - INFO - [price_1y_fundamental_2y.py] Successfully fetched data for ABG
2025-03-07 00:52:43,717 - INFO - [price_1y_fundamental_2y.py] Successfully fetched data for ABLLW
