2025-05-19 19:41:07,978 - INFO - Starting stock screening pipeline
2025-05-19 19:41:07,978 - INFO - Finding and deleting old CSV files...
2025-05-19 19:41:07,979 - INFO - Found 17 CSV files to delete
2025-05-19 19:41:07,979 - INFO - Deleting: filtered_banned_rs_file.csv
2025-05-19 19:41:07,980 - INFO - Deleting: max_rsi_12m.csv
2025-05-19 19:41:07,980 - INFO - Deleting: max_rsi_3m.csv
2025-05-19 19:41:07,981 - INFO - Deleting: max_rsi_6m.csv
2025-05-19 19:41:07,981 - INFO - Deleting: mvp_stocks_6mo.csv
2025-05-19 19:41:07,982 - INFO - Deleting: price_spikes.csv
2025-05-19 19:41:07,983 - INFO - Deleting: top_price_increase_1y.csv
2025-05-19 19:41:07,983 - INFO - Deleting: top_price_tightness_1w.csv
2025-05-19 19:41:07,984 - INFO - Deleting: volume_acceleration_stocks.csv
2025-05-19 19:41:07,984 - INFO - Deleting: above_52week_low.csv
2025-05-19 19:41:07,985 - INFO - Deleting: close_to_52week_high.csv
2025-05-19 19:41:07,985 - INFO - Deleting: filtered_rs_file.csv
2025-05-19 19:41:07,986 - INFO - Deleting: last_price_above_10.csv
2025-05-19 19:41:07,986 - INFO - Deleting: minimum_price_increase.csv
2025-05-19 19:41:07,987 - INFO - Deleting: obligatory_passed_stocks.csv
2025-05-19 19:41:07,987 - INFO - Deleting: raw_rs_file.csv
2025-05-19 19:41:07,988 - INFO - Deleting: trending_up_stocks.csv
2025-05-19 19:41:08,114 - INFO - [minimum_price_increase.py] Resolved input file path: C:\Users\Victus\PycharmProjects\Stocks_Screener_V2\flask_microservice_stocks_filterer\stocks_filtering_application\price_data\all_tickers_historical.csv
2025-05-19 19:41:08,114 - INFO - [minimum_price_increase.py] Resolved output file path: C:\Users\Victus\PycharmProjects\Stocks_Screener_V2\flask_microservice_stocks_filterer\stocks_filtering_application\minervini_1mo\obligatory_screens\results\minimum_price_increase.csv
2025-05-19 19:41:08,124 - INFO - [minimum_5_dollar.py] Resolved input file path: C:\Users\Victus\PycharmProjects\Stocks_Screener_V2\flask_microservice_stocks_filterer\stocks_filtering_application\price_data\all_tickers_historical.csv
2025-05-19 19:41:08,124 - INFO - [minimum_5_dollar.py] Resolved output file path: C:\Users\Victus\PycharmProjects\Stocks_Screener_V2\flask_microservice_stocks_filterer\stocks_filtering_application\minervini_1mo\obligatory_screens\results\last_price_above_10.csv
2025-05-19 19:41:08,136 - INFO - [above_52week_low.py] Resolved input file path: C:\Users\Victus\PycharmProjects\Stocks_Screener_V2\flask_microservice_stocks_filterer\stocks_filtering_application\price_data\all_tickers_historical.csv
2025-05-19 19:41:08,136 - INFO - [above_52week_low.py] Resolved output file path: C:\Users\Victus\PycharmProjects\Stocks_Screener_V2\flask_microservice_stocks_filterer\stocks_filtering_application\minervini_1mo\obligatory_screens\results\above_52week_low.csv
2025-05-19 19:41:09,127 - INFO - [trending_up.py] Resolved input file path: C:\Users\Victus\PycharmProjects\Stocks_Screener_V2\flask_microservice_stocks_filterer\stocks_filtering_application\price_data\all_tickers_historical.csv
2025-05-19 19:41:09,127 - INFO - [ibd_rs_ranking.py] Resolved input file path: C:\Users\Victus\PycharmProjects\Stocks_Screener_V2\flask_microservice_stocks_filterer\stocks_filtering_application\price_data\all_tickers_historical.csv
2025-05-19 19:41:09,127 - INFO - [trending_up.py] Resolved output file path: C:\Users\Victus\PycharmProjects\Stocks_Screener_V2\flask_microservice_stocks_filterer\stocks_filtering_application\minervini_1mo\obligatory_screens\results\trending_up_stocks.csv
2025-05-19 19:41:09,127 - INFO - [ibd_rs_ranking.py] Resolved output file path: C:\Users\Victus\PycharmProjects\Stocks_Screener_V2\flask_microservice_stocks_filterer\stocks_filtering_application\minervini_1mo\obligatory_screens\results\raw_rs_file.csv
2025-05-19 19:41:09,127 - INFO - [ibd_rs_ranking.py] Reading historical stock data...
2025-05-19 19:42:17,680 - INFO - [above_52week_low.py] Above 52 week low analysis complete. 2291 stocks meeting the criteria have been saved to C:\Users\Victus\PycharmProjects\Stocks_Screener_V2\flask_microservice_stocks_filterer\stocks_filtering_application\minervini_1mo\obligatory_screens\results\above_52week_low.csv.
2025-05-19 19:42:17,680 - INFO - [close_to_52week_high.py] Close to 52-week high analysis complete. 2304 stocks meeting the criteria have been saved to C:\Users\Victus\PycharmProjects\Stocks_Screener_V2\flask_microservice_stocks_filterer\stocks_filtering_application\minervini_1mo\obligatory_screens\results\close_to_52week_high.csv.
2025-05-19 19:42:17,681 - INFO - [above_52week_low.py] Skipped 501 rows due to missing or invalid data.
2025-05-19 19:42:17,681 - INFO - [close_to_52week_high.py] Skipped 501 rows due to missing or invalid data.
2025-05-19 19:42:17,687 - INFO - [minimum_5_dollar.py] Last price check complete. 2657 stocks meeting the criteria have been saved to C:\Users\Victus\PycharmProjects\Stocks_Screener_V2\flask_microservice_stocks_filterer\stocks_filtering_application\minervini_1mo\obligatory_screens\results\last_price_above_10.csv.
2025-05-19 19:42:17,687 - INFO - [minimum_5_dollar.py] Skipped 501 rows due to missing or invalid data.
2025-05-19 19:42:17,689 - INFO - [minimum_price_increase.py] Analysis complete. 3725 stocks with minimum 50.0% increase have been saved to C:\Users\Victus\PycharmProjects\Stocks_Screener_V2\flask_microservice_stocks_filterer\stocks_filtering_application\minervini_1mo\obligatory_screens\results\minimum_price_increase.csv.
2025-05-19 19:42:17,689 - INFO - [minimum_price_increase.py] Skipped 15 rows due to missing, invalid, or outdated data.
2025-05-19 19:42:40,160 - INFO - [ibd_rs_ranking.py] Calculating RS ratings for all stocks...
2025-05-19 19:42:49,245 - INFO - [trending_up.py] Trending up analysis complete. Saved 545 symbols to C:\Users\Victus\PycharmProjects\Stocks_Screener_V2\flask_microservice_stocks_filterer\stocks_filtering_application\minervini_1mo\obligatory_screens\results\trending_up_stocks.csv
2025-05-19 19:42:54,465 - INFO - [ibd_rs_ranking.py] Ranking stocks based on RS rating...
2025-05-19 19:42:54,480 - INFO - [ibd_rs_ranking.py] Saving RS ratings for 4580 stocks to C:\Users\Victus\PycharmProjects\Stocks_Screener_V2\flask_microservice_stocks_filterer\stocks_filtering_application\minervini_1mo\obligatory_screens\results\raw_rs_file.csv
2025-05-19 19:42:54,494 - INFO - [ibd_rs_ranking.py] RS rating calculation complete!
2025-05-19 19:42:54,759 - INFO - [obligatory_screen_passer.py] Processing 6 CSV files:
2025-05-19 19:42:54,760 - INFO - [obligatory_screen_passer.py] - above_52week_low.csv
2025-05-19 19:42:54,760 - INFO - [obligatory_screen_passer.py] - close_to_52week_high.csv
2025-05-19 19:42:54,760 - INFO - [obligatory_screen_passer.py] - last_price_above_10.csv
2025-05-19 19:42:54,760 - INFO - [obligatory_screen_passer.py] - minimum_price_increase.csv
2025-05-19 19:42:54,760 - INFO - [obligatory_screen_passer.py] - raw_rs_file.csv
2025-05-19 19:42:54,760 - INFO - [obligatory_screen_passer.py] - trending_up_stocks.csv
2025-05-19 19:42:54,761 - INFO - [obligatory_screen_passer.py] 
2025-05-19 19:42:54,761 - INFO - [obligatory_screen_passer.py] Found 256 stocks that passed all available screens
2025-05-19 19:42:54,761 - INFO - [obligatory_screen_passer.py] Results saved to obligatory_passed_stocks.csv
2025-05-19 19:42:54,797 - INFO - [banned_filter.py] Creating new empty stocks_not_banned.csv file...
2025-05-19 19:42:54,808 - INFO - [banned_filter.py] Checking 256 symbols for ban. 37 symbols are allowed.
2025-05-19 19:42:54,808 - INFO - [banned_filter.py] Removed 0 expired bans.
2025-05-19 19:42:56,927 - INFO - [obligatory_screen_data_filter.py] Filtered data has been written to <_io.TextIOWrapper name='C:\\Users\\Victus\\PycharmProjects\\Stocks_Screener_V2\\flask_microservice_stocks_filterer\\stocks_filtering_application\\minervini_1mo\\ranking_screens\\passed_stocks_input_data\\filtered_price_data.csv' mode='w' encoding='cp1252'>
2025-05-19 19:42:57,139 - INFO - [volume_acceleration.py] Volume Acceleration Analysis complete. 10 Results saved to C:\Users\Victus\PycharmProjects\Stocks_Screener_V2\flask_microservice_stocks_filterer\stocks_filtering_application\minervini_1mo\ranking_screens\results\volume_acceleration_stocks.csv
2025-05-19 19:42:57,688 - INFO - [ibd_rs_ticker_filterer.py] Raw RS file: C:\Users\Victus\PycharmProjects\Stocks_Screener_V2\flask_microservice_stocks_filterer\stocks_filtering_application\minervini_1mo\obligatory_screens\results\raw_rs_file.csv
2025-05-19 19:42:57,688 - INFO - [ibd_rs_ticker_filterer.py] Obligatory passed stocks file: C:\Users\Victus\PycharmProjects\Stocks_Screener_V2\flask_microservice_stocks_filterer\stocks_filtering_application\minervini_1mo\obligatory_screens\results\obligatory_passed_stocks.csv
2025-05-19 19:42:57,688 - INFO - [ibd_rs_ticker_filterer.py] Not banned stocks file: C:\Users\Victus\PycharmProjects\Stocks_Screener_V2\flask_microservice_stocks_filterer\stocks_filtering_application\minervini_1mo\banned_stocks\stocks_not_banned.csv
2025-05-19 19:42:57,688 - INFO - [ibd_rs_ticker_filterer.py] Output filtered RS file: C:\Users\Victus\PycharmProjects\Stocks_Screener_V2\flask_microservice_stocks_filterer\stocks_filtering_application\minervini_1mo\obligatory_screens\results\filtered_rs_file.csv
2025-05-19 19:42:57,689 - INFO - [ibd_rs_ticker_filterer.py] Output filtered banned RS file: C:\Users\Victus\PycharmProjects\Stocks_Screener_V2\flask_microservice_stocks_filterer\stocks_filtering_application\minervini_1mo\ranking_screens\results\filtered_banned_rs_file.csv
2025-05-19 19:42:57,689 - INFO - [ibd_rs_ticker_filterer.py] Reading input files...
2025-05-19 19:42:57,695 - INFO - [ibd_rs_ticker_filterer.py] Loaded 4580 stocks with RS ratings
2025-05-19 19:42:57,697 - INFO - [ibd_rs_ticker_filterer.py] Loaded 256 obligatory passed stocks
2025-05-19 19:42:57,698 - INFO - [ibd_rs_ticker_filterer.py] Loaded 37 not banned stocks
2025-05-19 19:42:57,701 - INFO - [ibd_rs_ticker_filterer.py] After filtering for obligatory passed stocks: 256 stocks remain
2025-05-19 19:42:57,704 - INFO - [ibd_rs_ticker_filterer.py] Saved filtered RS ratings to C:\Users\Victus\PycharmProjects\Stocks_Screener_V2\flask_microservice_stocks_filterer\stocks_filtering_application\minervini_1mo\obligatory_screens\results\filtered_rs_file.csv
2025-05-19 19:42:57,705 - INFO - [ibd_rs_ticker_filterer.py] After filtering out banned stocks: 37 stocks remain
2025-05-19 19:42:57,707 - INFO - [ibd_rs_ticker_filterer.py] Saved filtered non-banned RS ratings to C:\Users\Victus\PycharmProjects\Stocks_Screener_V2\flask_microservice_stocks_filterer\stocks_filtering_application\minervini_1mo\ranking_screens\results\filtered_banned_rs_file.csv
2025-05-19 19:42:58,242 - INFO - [top_price_increases_1y.py] Top stocks by price increase (last 1 year) have been saved to C:\Users\Victus\PycharmProjects\Stocks_Screener_V2\flask_microservice_stocks_filterer\stocks_filtering_application\minervini_1mo\ranking_screens\results\top_price_increase_1y.csv
2025-05-19 19:42:58,294 - INFO - [top_price_tightness_1w.py] Top stocks by price tightness (last 1 week) have been saved to C:\Users\Victus\PycharmProjects\Stocks_Screener_V2\flask_microservice_stocks_filterer\stocks_filtering_application\minervini_1mo\ranking_screens\results\top_price_tightness_1w.csv
2025-05-19 19:42:58,390 - INFO - [top_rsi_6m.py] Top stocks by maximum RSI (last 6 months) have been saved to C:\Users\Victus\PycharmProjects\Stocks_Screener_V2\flask_microservice_stocks_filterer\stocks_filtering_application\minervini_1mo\ranking_screens\results\max_rsi_6m.csv
2025-05-19 19:42:58,391 - INFO - [top_rsi_6m.py] Total stocks analyzed: 37
2025-05-19 19:42:58,391 - INFO - [top_rsi_6m.py] Stocks excluded due to insufficient trading data: 0
2025-05-19 19:42:58,406 - INFO - [top_rsi.py] Top stocks by maximum RSI (last 3 months) have been saved to C:\Users\Victus\PycharmProjects\Stocks_Screener_V2\flask_microservice_stocks_filterer\stocks_filtering_application\minervini_1mo\ranking_screens\results\max_rsi_3m.csv
2025-05-19 19:42:58,406 - INFO - [top_rsi.py] Total stocks analyzed: 37
2025-05-19 19:42:58,406 - INFO - [top_rsi.py] Stocks excluded due to insufficient trading data: 0
2025-05-19 19:42:58,435 - INFO - [top_rsi_12m.py] Top stocks by maximum RSI (last 12 months) have been saved to C:\Users\Victus\PycharmProjects\Stocks_Screener_V2\flask_microservice_stocks_filterer\stocks_filtering_application\minervini_1mo\ranking_screens\results\max_rsi_12m.csv
2025-05-19 19:42:58,436 - INFO - [top_rsi_12m.py] Total stocks analyzed: 37
2025-05-19 19:42:58,436 - INFO - [top_rsi_12m.py] Stocks excluded due to insufficient trading data: 0
2025-05-19 19:42:58,448 - ERROR - [top_price_increases_1y.py ERROR] C:\Users\Victus\PycharmProjects\Stocks_Screener_V2\flask_microservice_stocks_filterer\stocks_filtering_application\minervini_1mo\ranking_screens\top_price_increases_1y.py:32: DeprecationWarning: DataFrameGroupBy.apply operated on the grouping columns. This behavior is deprecated, and in a future version of pandas the grouping columns will be excluded from the operation. Either pass `include_groups=False` to exclude the groupings or explicitly select the grouping columns after groupby to silence this warning.
2025-05-19 19:42:58,448 - ERROR - [top_price_increases_1y.py ERROR] price_increases = df_filtered.groupby('Symbol').apply(calculate_price_increase)
2025-05-19 19:42:58,453 - INFO - [price_spikes.py] Analysis complete. Results saved to C:\Users\Victus\PycharmProjects\Stocks_Screener_V2\flask_microservice_stocks_filterer\stocks_filtering_application\minervini_1mo\ranking_screens\results\price_spikes.csv
2025-05-19 19:42:58,494 - ERROR - [top_price_tightness_1w.py ERROR] C:\Users\Victus\PycharmProjects\Stocks_Screener_V2\flask_microservice_stocks_filterer\stocks_filtering_application\minervini_1mo\ranking_screens\top_price_tightness_1w.py:31: DeprecationWarning: DataFrameGroupBy.apply operated on the grouping columns. This behavior is deprecated, and in a future version of pandas the grouping columns will be excluded from the operation. Either pass `include_groups=False` to exclude the groupings or explicitly select the grouping columns after groupby to silence this warning.
2025-05-19 19:42:58,494 - ERROR - [top_price_tightness_1w.py ERROR] price_tightness = df_filtered.groupby('Symbol').apply(calculate_price_tightness)
2025-05-19 19:43:01,384 - INFO - [mvp.py] Stocks meeting MVP criteria at least once in the last 6 months have been saved to C:\Users\Victus\PycharmProjects\Stocks_Screener_V2\flask_microservice_stocks_filterer\stocks_filtering_application\minervini_1mo\ranking_screens\results\mvp_stocks_6mo.csv
2025-05-19 19:43:01,485 - INFO - [top_n_stocks_by_price_increase.py] 'C:\Users\Victus\PycharmProjects\Stocks_Screener_V2\flask_microservice_stocks_filterer\stocks_filtering_application\minervini_1mo\stocks_ranking_by_price.csv' has been created with filtered symbols.
2025-05-19 19:43:01,490 - INFO - Stock screening pipeline completed successfully.
