2025-01-10 14:43:37,584 - INFO - Starting stock data collection process
2025-01-10 14:43:37,585 - INFO - Reading NASDAQ stock list...
2025-01-10 14:43:37,593 - INFO - Found 10521 stocks in the list
2025-01-10 14:43:37,593 - INFO - 
Processing batch 1 of 106
2025-01-10 14:43:37,594 - INFO - Batch size: 100 stocks
2025-01-10 14:43:37,594 - INFO - Starting batch processing for 100 tickers: A, AA, AAA, AAAU, AACG...
2025-01-10 14:43:37,596 - INFO - Downloading price data from 2024-01-11 to 2025-01-10
2025-01-10 14:43:38,204 - WARNING - Connection pool is full, discarding connection: query2.finance.yahoo.com. Connection pool size: 10
2025-01-10 14:43:38,207 - WARNING - Connection pool is full, discarding connection: query2.finance.yahoo.com. Connection pool size: 10
2025-01-10 14:43:39,349 - WARNING - Connection pool is full, discarding connection: query2.finance.yahoo.com. Connection pool size: 10
2025-01-10 14:43:39,367 - WARNING - Connection pool is full, discarding connection: query2.finance.yahoo.com. Connection pool size: 10
2025-01-10 14:43:40,788 - WARNING - Connection pool is full, discarding connection: query2.finance.yahoo.com. Connection pool size: 10
2025-01-10 14:43:40,804 - WARNING - Connection pool is full, discarding connection: query2.finance.yahoo.com. Connection pool size: 10
2025-01-10 14:43:42,990 - WARNING - Connection pool is full, discarding connection: query2.finance.yahoo.com. Connection pool size: 10
2025-01-10 14:43:43,011 - WARNING - Connection pool is full, discarding connection: query2.finance.yahoo.com. Connection pool size: 10
2025-01-10 14:43:44,057 - WARNING - Connection pool is full, discarding connection: query2.finance.yahoo.com. Connection pool size: 10
2025-01-10 14:43:44,090 - WARNING - Connection pool is full, discarding connection: query2.finance.yahoo.com. Connection pool size: 10
2025-01-10 14:43:44,439 - WARNING - Connection pool is full, discarding connection: query2.finance.yahoo.com. Connection pool size: 10
2025-01-10 14:43:44,550 - WARNING - Connection pool is full, discarding connection: query2.finance.yahoo.com. Connection pool size: 10
2025-01-10 14:43:46,333 - WARNING - Connection pool is full, discarding connection: query2.finance.yahoo.com. Connection pool size: 10
2025-01-10 14:43:46,374 - WARNING - Connection pool is full, discarding connection: query2.finance.yahoo.com. Connection pool size: 10
2025-01-10 14:43:46,384 - ERROR - 
12 Failed downloads:
2025-01-10 14:43:46,384 - ERROR - ['ACABW', 'ABVEW', 'ABLLW', 'AAGRW', 'ACONW', 'ABLVW']: YFInvalidPeriodError("%ticker%: Period 'max' is invalid, must be one of ['1d', '5d']")
2025-01-10 14:43:46,386 - ERROR - ['AAMC', 'AAN', 'ACAC', 'ACST', 'ACACU', 'ACACW']: YFPricesMissingError('$%ticker%: possibly delisted; no price data found  (1d 2024-01-11 14:43:37.596988 -> 2025-01-10 14:43:37.596988) (Yahoo error = "No data found, symbol may be delisted")')
2025-01-10 14:43:46,462 - INFO - Successfully downloaded price data. Shape: (250, 512)
2025-01-10 14:43:46,463 - INFO - Processing price data for each ticker...
2025-01-10 14:43:46,994 - INFO - Completed price data processing in 0.53 seconds
2025-01-10 14:43:46,995 - INFO - Processing fundamental data...
2025-01-10 14:43:47,696 - ERROR - Error processing quarterly data for A at 2023-04-30 00:00:00: Timestamp('2023-04-30 00:00:00')
2025-01-10 14:43:53,795 - ERROR - Error processing quarterly data for AAL at 2023-06-30 00:00:00: Timestamp('2023-06-30 00:00:00')
2025-01-10 14:43:56,166 - ERROR - Error processing quarterly data for AAOI at 2023-06-30 00:00:00: Timestamp('2023-06-30 00:00:00')
2025-01-10 14:43:57,539 - ERROR - Error processing quarterly data for AAP at 2024-04-30 00:00:00: Timestamp('2024-04-30 00:00:00')
2025-01-10 14:43:57,540 - ERROR - Error processing quarterly data for AAP at 2023-04-30 00:00:00: Timestamp('2023-04-30 00:00:00')
2025-01-10 14:44:11,675 - ERROR - Error processing quarterly data for ABLV at 2023-12-31 00:00:00: Timestamp('2023-12-31 00:00:00')
2025-01-10 14:44:11,676 - ERROR - Error processing quarterly data for ABLV at 2023-06-30 00:00:00: Timestamp('2023-06-30 00:00:00')
2025-01-10 14:44:12,290 - ERROR - Error processing quarterly data for ABLVW at 2023-12-31 00:00:00: Timestamp('2023-12-31 00:00:00')
2025-01-10 14:44:12,291 - ERROR - Error processing quarterly data for ABLVW at 2023-06-30 00:00:00: Timestamp('2023-06-30 00:00:00')
2025-01-10 14:44:17,585 - ERROR - Error processing quarterly data for ABTS at 2023-12-31 00:00:00: Timestamp('2023-12-31 00:00:00')
2025-01-10 14:44:17,586 - ERROR - Error processing quarterly data for ABTS at 2023-06-30 00:00:00: Timestamp('2023-06-30 00:00:00')
2025-01-10 14:44:19,967 - ERROR - Error processing quarterly data for ABVE at 2023-10-31 00:00:00: Timestamp('2023-10-31 00:00:00')
2025-01-10 14:44:20,668 - ERROR - Error processing quarterly data for ABVEW at 2023-10-31 00:00:00: Timestamp('2023-10-31 00:00:00')
2025-01-10 14:44:21,394 - ERROR - Error processing quarterly data for ABVX at 2023-12-31 00:00:00: Timestamp('2023-12-31 00:00:00')
2025-01-10 14:44:21,395 - ERROR - Error processing quarterly data for ABVX at 2023-06-30 00:00:00: Timestamp('2023-06-30 00:00:00')
2025-01-10 14:44:26,701 - ERROR - Error processing quarterly data for ACAD at 2023-06-30 00:00:00: Timestamp('2023-06-30 00:00:00')
2025-01-10 14:44:36,862 - ERROR - Error processing quarterly data for ACI at 2023-06-30 00:00:00: Timestamp('2023-06-30 00:00:00')
2025-01-10 14:44:46,404 - ERROR - Error processing quarterly data for ACP at 2023-10-31 00:00:00: Timestamp('2023-10-31 00:00:00')
2025-01-10 14:44:46,405 - ERROR - Error processing quarterly data for ACP at 2023-04-30 00:00:00: Timestamp('2023-04-30 00:00:00')
2025-01-10 14:44:51,496 - INFO - Completed fundamental data processing in 64.50 seconds
2025-01-10 14:44:51,497 - INFO - Batch processing completed in 73.90 seconds
2025-01-10 14:44:51,501 - INFO - Batch 1 completed in 73.91 seconds
2025-01-10 14:44:51,502 - INFO - Current progress: 100 stocks processed
2025-01-10 14:44:51,502 - INFO - 
Processing batch 2 of 106
2025-01-10 14:44:51,503 - INFO - Batch size: 100 stocks
2025-01-10 14:44:51,503 - INFO - Starting batch processing for 100 tickers: ACTU, ACTV, ACU, ACV, ACVA...
2025-01-10 14:44:51,505 - INFO - Downloading price data from 2024-01-11 to 2025-01-10
2025-01-10 14:44:51,764 - WARNING - Connection pool is full, discarding connection: query2.finance.yahoo.com. Connection pool size: 10
2025-01-10 14:44:51,810 - WARNING - Connection pool is full, discarding connection: query2.finance.yahoo.com. Connection pool size: 9
2025-01-10 14:44:52,070 - WARNING - Connection pool is full, discarding connection: query2.finance.yahoo.com. Connection pool size: 10
2025-01-10 14:44:52,081 - WARNING - Connection pool is full, discarding connection: query2.finance.yahoo.com. Connection pool size: 10
2025-01-10 14:44:53,499 - WARNING - Connection pool is full, discarding connection: query2.finance.yahoo.com. Connection pool size: 10
2025-01-10 14:44:53,500 - WARNING - Connection pool is full, discarding connection: query2.finance.yahoo.com. Connection pool size: 10
2025-01-10 14:44:53,953 - WARNING - Connection pool is full, discarding connection: query2.finance.yahoo.com. Connection pool size: 10
2025-01-10 14:44:54,327 - WARNING - Connection pool is full, discarding connection: query2.finance.yahoo.com. Connection pool size: 10
2025-01-10 14:44:54,650 - WARNING - Connection pool is full, discarding connection: query2.finance.yahoo.com. Connection pool size: 10
2025-01-10 14:44:54,654 - WARNING - Connection pool is full, discarding connection: query2.finance.yahoo.com. Connection pool size: 9
2025-01-10 14:44:55,005 - WARNING - Connection pool is full, discarding connection: query2.finance.yahoo.com. Connection pool size: 10
2025-01-10 14:44:55,105 - WARNING - Connection pool is full, discarding connection: query2.finance.yahoo.com. Connection pool size: 10
2025-01-10 14:44:56,139 - ERROR - 
10 Failed downloads:
2025-01-10 14:44:56,141 - ERROR - ['AENTW', 'ADNWW', 'AEAEW', 'AFRIW', 'AERTW', 'AFJKR', 'ADSEW', 'ADVWW']: YFInvalidPeriodError("%ticker%: Period 'max' is invalid, must be one of ['1d', '5d']")
2025-01-10 14:44:56,142 - ERROR - ['ADRT', 'AGBA']: YFPricesMissingError('$%ticker%: possibly delisted; no price data found  (1d 2024-01-11 14:44:51.504261 -> 2025-01-10 14:44:51.504261) (Yahoo error = "No data found, symbol may be delisted")')
2025-01-10 14:44:56,231 - INFO - Successfully downloaded price data. Shape: (250, 510)
2025-01-10 14:44:56,233 - INFO - Processing price data for each ticker...
2025-01-10 14:44:56,885 - INFO - Completed price data processing in 0.65 seconds
2025-01-10 14:44:56,886 - INFO - Processing fundamental data...
2025-01-10 14:44:58,808 - ERROR - Error processing quarterly data for ACU at 2023-06-30 00:00:00: Timestamp('2023-06-30 00:00:00')
2025-01-10 14:44:59,424 - ERROR - Error processing quarterly data for ACV at 2024-01-31 00:00:00: Timestamp('2024-01-31 00:00:00')
2025-01-10 14:44:59,424 - ERROR - Error processing quarterly data for ACV at 2023-07-31 00:00:00: Timestamp('2023-07-31 00:00:00')
2025-01-10 14:45:03,437 - ERROR - Error processing quarterly data for ADAG at 2023-12-31 00:00:00: Timestamp('2023-12-31 00:00:00')
2025-01-10 14:45:03,438 - ERROR - Error processing quarterly data for ADAG at 2023-06-30 00:00:00: Timestamp('2023-06-30 00:00:00')
2025-01-10 14:45:06,878 - ERROR - Error processing quarterly data for ADD at 2024-06-30 00:00:00: Timestamp('2024-06-30 00:00:00')
2025-01-10 14:45:06,879 - ERROR - Error processing quarterly data for ADD at 2023-12-31 00:00:00: Timestamp('2023-12-31 00:00:00')
2025-01-10 14:45:06,880 - ERROR - Error processing quarterly data for ADD at 2023-06-30 00:00:00: Timestamp('2023-06-30 00:00:00')
2025-01-10 14:45:08,875 - INFO - 
Total execution time: 91.29 seconds
2025-01-10 14:45:08,875 - INFO - Stock data collection process completed
2025-01-10 14:45:37,883 - INFO - Starting stock data collection process
2025-01-10 14:45:37,884 - INFO - Reading NASDAQ stock list...
2025-01-10 14:45:37,892 - INFO - Found 10521 stocks in the list
2025-01-10 14:45:37,893 - INFO - 
Processing batch 1 of 211
2025-01-10 14:45:37,893 - INFO - Batch size: 50 stocks
2025-01-10 14:45:37,894 - INFO - Starting batch processing for 43 valid tickers: A, AA, AAA, AACG, AACT...
2025-01-10 14:45:37,895 - INFO - Downloading price data from 2024-01-11 to 2025-01-10
2025-01-10 14:45:38,447 - WARNING - Connection pool is full, discarding connection: query2.finance.yahoo.com. Connection pool size: 10
2025-01-10 14:45:38,500 - WARNING - Connection pool is full, discarding connection: query2.finance.yahoo.com. Connection pool size: 10
2025-01-10 14:45:40,481 - WARNING - Connection pool is full, discarding connection: query2.finance.yahoo.com. Connection pool size: 10
2025-01-10 14:45:40,720 - WARNING - Connection pool is full, discarding connection: query2.finance.yahoo.com. Connection pool size: 10
2025-01-10 14:45:40,743 - ERROR - 
2 Failed downloads:
2025-01-10 14:45:40,743 - ERROR - ['AAN', 'AAMC']: YFPricesMissingError('$%ticker%: possibly delisted; no price data found  (1d 2024-01-11 14:45:37.895577 -> 2025-01-10 14:45:37.895577) (Yahoo error = "No data found, symbol may be delisted")')
2025-01-10 14:45:40,789 - INFO - Successfully downloaded price data. Shape: (250, 217)
2025-01-10 14:45:40,790 - INFO - Processing price data for each ticker...
2025-01-10 14:45:40,916 - INFO - Completed price data processing in 0.13 seconds
2025-01-10 14:45:40,916 - INFO - Processing fundamental data...
2025-01-10 14:45:41,583 - ERROR - Error processing quarterly data for A at 2023-04-30: Timestamp('2023-04-30 00:00:00')
2025-01-10 14:45:46,643 - ERROR - Error processing quarterly data for AAL at 2023-06-30: Timestamp('2023-06-30 00:00:00')
2025-01-10 14:45:48,971 - ERROR - Error processing quarterly data for AAOI at 2023-06-30: Timestamp('2023-06-30 00:00:00')
2025-01-10 14:45:50,465 - ERROR - Error processing quarterly data for AAP at 2024-04-30: Timestamp('2024-04-30 00:00:00')
2025-01-10 14:45:50,467 - ERROR - Error processing quarterly data for AAP at 2023-04-30: Timestamp('2023-04-30 00:00:00')
2025-01-10 14:46:03,021 - ERROR - Error processing quarterly data for ABLV at 2023-12-31: Timestamp('2023-12-31 00:00:00')
2025-01-10 14:46:03,022 - ERROR - Error processing quarterly data for ABLV at 2023-06-30: Timestamp('2023-06-30 00:00:00')
2025-01-10 14:46:08,199 - ERROR - Error processing quarterly data for ABTS at 2023-12-31: Timestamp('2023-12-31 00:00:00')
2025-01-10 14:46:08,200 - ERROR - Error processing quarterly data for ABTS at 2023-06-30: Timestamp('2023-06-30 00:00:00')
2025-01-10 14:46:08,202 - INFO - Completed fundamental data processing in 27.28 seconds
2025-01-10 14:46:08,203 - INFO - Batch 1 completed in 30.31 seconds
2025-01-10 14:46:08,204 - INFO - Current progress: 43 stocks processed
2025-01-10 14:46:09,204 - INFO - 
Processing batch 2 of 211
2025-01-10 14:46:09,204 - INFO - Batch size: 50 stocks
2025-01-10 14:46:09,204 - INFO - Starting batch processing for 40 valid tickers: ABVC, ABVE, ABVX, AC, ACA...
2025-01-10 14:46:09,206 - INFO - Downloading price data from 2024-01-11 to 2025-01-10
2025-01-10 14:46:09,472 - WARNING - Connection pool is full, discarding connection: query2.finance.yahoo.com. Connection pool size: 10
2025-01-10 14:46:09,488 - WARNING - Connection pool is full, discarding connection: query2.finance.yahoo.com. Connection pool size: 10
2025-01-10 14:46:10,740 - WARNING - Connection pool is full, discarding connection: query2.finance.yahoo.com. Connection pool size: 10
2025-01-10 14:46:10,753 - INFO - 
Total execution time: 32.87 seconds
2025-01-10 14:46:10,763 - INFO - Stock data collection process completed
2025-01-10 14:46:11,041 - WARNING - Connection pool is full, discarding connection: query2.finance.yahoo.com. Connection pool size: 10
2025-01-10 14:46:11,044 - WARNING - Connection pool is full, discarding connection: query2.finance.yahoo.com. Connection pool size: 10
