2025-03-23 00:03:00,612 - INFO - Starting stock screening pipeline
2025-03-23 00:03:00,612 - INFO - Finding and deleting old CSV files...
2025-03-23 00:03:00,612 - INFO - Found 14 CSV files to delete
2025-03-23 00:03:00,613 - INFO - Deleting: max_rsi_3m.csv
2025-03-23 00:03:00,613 - INFO - Deleting: max_rsi_vs_market_3mo.csv
2025-03-23 00:03:00,613 - INFO - Deleting: min_rsi_vs_market_3mo.csv
2025-03-23 00:03:00,614 - INFO - Deleting: mvp_stocks.csv
2025-03-23 00:03:00,614 - INFO - Deleting: price_spikes.csv
2025-03-23 00:03:00,615 - INFO - Deleting: top_price_increase_1y.csv
2025-03-23 00:03:00,615 - INFO - Deleting: top_price_tightness_1w.csv
2025-03-23 00:03:00,615 - INFO - Deleting: volume_acceleration_stocks.csv
2025-03-23 00:03:00,616 - INFO - Deleting: above_52week_low.csv
2025-03-23 00:03:00,616 - INFO - Deleting: close_to_52week_high.csv
2025-03-23 00:03:00,617 - INFO - Deleting: last_price_above_5.csv
2025-03-23 00:03:00,617 - INFO - Deleting: minimum_price_increase.csv
2025-03-23 00:03:00,617 - INFO - Deleting: obligatory_passed_stocks.csv
2025-03-23 00:03:00,618 - INFO - Deleting: trending_up_stocks.csv
2025-03-23 00:03:00,661 - INFO - [minimum_price_increase.py] Resolved input file path: C:\Users\Victus\PycharmProjects\Stocks_Screener_V2\flask_microservice_stocks_filterer\stocks_filtering_application\price_data\all_tickers_historical.csv
2025-03-23 00:03:00,661 - INFO - [minimum_price_increase.py] Resolved output file path: C:\Users\Victus\PycharmProjects\Stocks_Screener_V2\flask_microservice_stocks_filterer\stocks_filtering_application\minervini_4mo\obligatory_screens\results\minimum_price_increase.csv
2025-03-23 00:03:00,661 - INFO - [minimum_5_dollar.py] Resolved input file path: C:\Users\Victus\PycharmProjects\Stocks_Screener_V2\flask_microservice_stocks_filterer\stocks_filtering_application\price_data\all_tickers_historical.csv
2025-03-23 00:03:00,661 - INFO - [minimum_5_dollar.py] Resolved output file path: C:\Users\Victus\PycharmProjects\Stocks_Screener_V2\flask_microservice_stocks_filterer\stocks_filtering_application\minervini_4mo\obligatory_screens\results\last_price_above_5.csv
2025-03-23 00:03:00,662 - INFO - [above_52week_low.py] Resolved input file path: C:\Users\Victus\PycharmProjects\Stocks_Screener_V2\flask_microservice_stocks_filterer\stocks_filtering_application\price_data\all_tickers_historical.csv
2025-03-23 00:03:00,663 - INFO - [above_52week_low.py] Resolved output file path: C:\Users\Victus\PycharmProjects\Stocks_Screener_V2\flask_microservice_stocks_filterer\stocks_filtering_application\minervini_4mo\obligatory_screens\results\above_52week_low.csv
2025-03-23 00:03:00,981 - INFO - [trending_up.py] Resolved input file path: C:\Users\Victus\PycharmProjects\Stocks_Screener_V2\flask_microservice_stocks_filterer\stocks_filtering_application\price_data\all_tickers_historical.csv
2025-03-23 00:03:00,982 - INFO - [trending_up.py] Resolved output file path: C:\Users\Victus\PycharmProjects\Stocks_Screener_V2\flask_microservice_stocks_filterer\stocks_filtering_application\minervini_4mo\obligatory_screens\results\trending_up_stocks.csv
2025-03-23 00:03:50,139 - INFO - [minimum_5_dollar.py] Last price check complete. 3349 stocks meeting the criteria have been saved to C:\Users\Victus\PycharmProjects\Stocks_Screener_V2\flask_microservice_stocks_filterer\stocks_filtering_application\minervini_4mo\obligatory_screens\results\last_price_above_5.csv.
2025-03-23 00:03:50,139 - INFO - [minimum_5_dollar.py] Skipped 501 rows due to missing or invalid data.
2025-03-23 00:03:50,491 - INFO - [above_52week_low.py] Above 52 week low analysis complete. 2009 stocks meeting the criteria have been saved to C:\Users\Victus\PycharmProjects\Stocks_Screener_V2\flask_microservice_stocks_filterer\stocks_filtering_application\minervini_4mo\obligatory_screens\results\above_52week_low.csv.
2025-03-23 00:03:50,491 - INFO - [above_52week_low.py] Skipped 501 rows due to missing or invalid data.
2025-03-23 00:03:50,723 - INFO - [close_to_52week_high.py] Close to 52-week high analysis complete. 2241 stocks meeting the criteria have been saved to C:\Users\Victus\PycharmProjects\Stocks_Screener_V2\flask_microservice_stocks_filterer\stocks_filtering_application\minervini_4mo\obligatory_screens\results\close_to_52week_high.csv.
2025-03-23 00:03:50,724 - INFO - [close_to_52week_high.py] Skipped 501 rows due to missing or invalid data.
2025-03-23 00:03:51,069 - INFO - [minimum_price_increase.py] Analysis complete. 3574 stocks with minimum 50.0% increase have been saved to C:\Users\Victus\PycharmProjects\Stocks_Screener_V2\flask_microservice_stocks_filterer\stocks_filtering_application\minervini_4mo\obligatory_screens\results\minimum_price_increase.csv.
2025-03-23 00:03:51,069 - INFO - [minimum_price_increase.py] Skipped 13 rows due to missing, invalid, or outdated data.
2025-03-23 00:04:18,931 - INFO - [trending_up.py] Trending up analysis complete. Saved 403 symbols to C:\Users\Victus\PycharmProjects\Stocks_Screener_V2\flask_microservice_stocks_filterer\stocks_filtering_application\minervini_4mo\obligatory_screens\results\trending_up_stocks.csv
2025-03-23 00:04:19,046 - INFO - [obligatory_screen_passer.py] Processing 5 CSV files:
2025-03-23 00:04:19,046 - INFO - [obligatory_screen_passer.py] - above_52week_low.csv
2025-03-23 00:04:19,046 - INFO - [obligatory_screen_passer.py] - close_to_52week_high.csv
2025-03-23 00:04:19,047 - INFO - [obligatory_screen_passer.py] - last_price_above_5.csv
2025-03-23 00:04:19,047 - INFO - [obligatory_screen_passer.py] - minimum_price_increase.csv
2025-03-23 00:04:19,047 - INFO - [obligatory_screen_passer.py] - trending_up_stocks.csv
2025-03-23 00:04:19,047 - INFO - [obligatory_screen_passer.py] 
2025-03-23 00:04:19,047 - INFO - [obligatory_screen_passer.py] Found 216 stocks that passed all available screens
2025-03-23 00:04:19,047 - INFO - [obligatory_screen_passer.py] Results saved to obligatory_passed_stocks.csv
2025-03-23 00:04:19,081 - INFO - [banned_filter.py] Creating new empty stocks_not_banned.csv file...
2025-03-23 00:04:19,086 - INFO - [banned_filter.py] Checking 216 symbols for ban. 201 symbols are allowed.
2025-03-23 00:04:19,086 - INFO - [banned_filter.py] Removed 0 expired bans.
2025-03-23 00:04:21,212 - INFO - [obligatory_screen_data_filter.py] Filtered data has been written to <_io.TextIOWrapper name='C:\\Users\\Victus\\PycharmProjects\\Stocks_Screener_V2\\flask_microservice_stocks_filterer\\stocks_filtering_application\\minervini_4mo\\ranking_screens\\passed_stocks_input_data\\filtered_price_data.csv' mode='w' encoding='cp1252'>
2025-03-23 00:04:22,428 - INFO - [volume_acceleration.py] Volume Acceleration Analysis complete. 59 Results saved to C:\Users\Victus\PycharmProjects\Stocks_Screener_V2\flask_microservice_stocks_filterer\stocks_filtering_application\minervini_4mo\ranking_screens\results\volume_acceleration_stocks.csv
2025-03-23 00:04:23,518 - INFO - [top_price_tightness_1w.py] Top stocks by price tightness (last 1 week) have been saved to C:\Users\Victus\PycharmProjects\Stocks_Screener_V2\flask_microservice_stocks_filterer\stocks_filtering_application\minervini_4mo\ranking_screens\results\top_price_tightness_1w.csv
2025-03-23 00:04:23,543 - INFO - [top_price_increases_1y.py] Top 100 stocks by price increase (last 1 year) have been saved to C:\Users\Victus\PycharmProjects\Stocks_Screener_V2\flask_microservice_stocks_filterer\stocks_filtering_application\minervini_4mo\ranking_screens\results\top_price_increase_1y.csv
2025-03-23 00:04:23,576 - ERROR - [top_price_tightness_1w.py ERROR] C:\Users\Victus\PycharmProjects\Stocks_Screener_V2\flask_microservice_stocks_filterer\stocks_filtering_application\minervini_4mo\ranking_screens\top_price_tightness_1w.py:31: DeprecationWarning: DataFrameGroupBy.apply operated on the grouping columns. This behavior is deprecated, and in a future version of pandas the grouping columns will be excluded from the operation. Either pass `include_groups=False` to exclude the groupings or explicitly select the grouping columns after groupby to silence this warning.
2025-03-23 00:04:23,577 - ERROR - [top_price_tightness_1w.py ERROR] price_tightness = df_filtered.groupby('Symbol').apply(calculate_price_tightness)
2025-03-23 00:04:23,611 - ERROR - [top_price_increases_1y.py ERROR] C:\Users\Victus\PycharmProjects\Stocks_Screener_V2\flask_microservice_stocks_filterer\stocks_filtering_application\minervini_4mo\ranking_screens\top_price_increases_1y.py:32: DeprecationWarning: DataFrameGroupBy.apply operated on the grouping columns. This behavior is deprecated, and in a future version of pandas the grouping columns will be excluded from the operation. Either pass `include_groups=False` to exclude the groupings or explicitly select the grouping columns after groupby to silence this warning.
2025-03-23 00:04:23,611 - ERROR - [top_price_increases_1y.py ERROR] price_increases = df_filtered.groupby('Symbol').apply(calculate_price_increase)
2025-03-23 00:04:23,656 - INFO - [mvp.py] Stocks meeting MVP criteria have been saved to C:\Users\Victus\PycharmProjects\Stocks_Screener_V2\flask_microservice_stocks_filterer\stocks_filtering_application\minervini_4mo\ranking_screens\results\mvp_stocks.csv
2025-03-23 00:04:23,722 - ERROR - [mvp.py ERROR] C:\Users\Victus\PycharmProjects\Stocks_Screener_V2\flask_microservice_stocks_filterer\stocks_filtering_application\minervini_4mo\ranking_screens\mvp.py:58: DeprecationWarning: DataFrameGroupBy.apply operated on the grouping columns. This behavior is deprecated, and in a future version of pandas the grouping columns will be excluded from the operation. Either pass `include_groups=False` to exclude the groupings or explicitly select the grouping columns after groupby to silence this warning.
2025-03-23 00:04:23,722 - ERROR - [mvp.py ERROR] mvp_scores = df.groupby('Symbol').apply(calculate_mvp_score)
2025-03-23 00:04:23,802 - INFO - [price_spikes.py] Analysis complete. Results saved to C:\Users\Victus\PycharmProjects\Stocks_Screener_V2\flask_microservice_stocks_filterer\stocks_filtering_application\minervini_4mo\ranking_screens\results\price_spikes.csv
2025-03-23 00:04:24,064 - INFO - [top_rsi.py] Top stocks by maximum RSI (last 3 months) have been saved to C:\Users\Victus\PycharmProjects\Stocks_Screener_V2\flask_microservice_stocks_filterer\stocks_filtering_application\minervini_4mo\ranking_screens\results\max_rsi_3m.csv
2025-03-23 00:04:24,064 - INFO - [top_rsi.py] Total stocks analyzed: 201
2025-03-23 00:04:24,065 - INFO - [top_rsi.py] Stocks excluded due to insufficient trading data: 0
2025-03-23 00:04:24,461 - INFO - [top_n_stocks_by_price_increase.py] 'C:\Users\Victus\PycharmProjects\Stocks_Screener_V2\flask_microservice_stocks_filterer\stocks_filtering_application\minervini_4mo\stocks_ranking_by_price.csv' has been created.
2025-03-23 00:04:24,466 - INFO - Stock screening pipeline completed successfully.
